2026-07-02 02:09:36.907 [main] INFO  com.Fanggaozhiai.ShopApplication - Starting ShopApplication using Java 25 with PID 980 (E:\vibe\community-shop\community-shop-server\target\classes started by 23561 in E:\vibe\community-shop)
2026-07-02 02:09:36.910 [main] INFO  com.Fanggaozhiai.ShopApplication - No active profile set, falling back to 1 default profile: "default"
2026-07-02 02:09:37.042 [background-preinit] INFO  o.h.validator.internal.util.Version - HV000001: Hibernate Validator 9.0.1.Final
2026-07-02 02:09:37.731 [main] INFO  o.a.coyote.http11.Http11NioProtocol - Initializing ProtocolHandler ["http-nio-8090"]
2026-07-02 02:09:37.733 [main] INFO  o.a.catalina.core.StandardService - Starting service [Tomcat]
2026-07-02 02:09:37.734 [main] INFO  o.a.catalina.core.StandardEngine - Starting Servlet engine: [Apache Tomcat/11.0.21]
2026-07-02 02:09:37.809 [main] INFO  c.F.filter.UserPermissionFilter - 初始化用户权限过滤器
2026-07-02 02:09:37.924 [main] INFO  c.F.filter.EmployeePermissionFilter - 初始化员工权限过滤器
2026-07-02 02:09:38.063 [main] INFO  com.Fanggaozhiai.utils.JwtUtil - JwtUtil初始化完成, userSecret=已加载, expire=3600000
2026-07-02 02:09:38.300 [main] INFO  o.a.coyote.http11.Http11NioProtocol - Starting ProtocolHandler ["http-nio-8090"]
2026-07-02 02:09:38.325 [main] INFO  com.Fanggaozhiai.ShopApplication - Started ShopApplication in 1.745 seconds (process running for 2.327)
2026-07-02 02:09:55.250 [http-nio-8090-exec-1] INFO  o.a.c.c.C.[Tomcat].[localhost].[/] - Initializing Spring DispatcherServlet 'dispatcherServlet'
2026-07-02 02:09:55.352 [http-nio-8090-exec-1] INFO  c.F.c.e.EmployeePublicController - 员工登录: EmployeeLogin(username=fanggaozhiai, password=123456)
2026-07-02 02:09:55.368 [http-nio-8090-exec-1] INFO  com.zaxxer.hikari.HikariDataSource - HikariPool-1 - Starting...
2026-07-02 02:09:55.514 [http-nio-8090-exec-1] INFO  com.zaxxer.hikari.pool.HikariPool - HikariPool-1 - Added connection com.mysql.cj.jdbc.ConnectionImpl@4e62e4a3
2026-07-02 02:09:55.516 [http-nio-8090-exec-1] INFO  com.zaxxer.hikari.HikariDataSource - HikariPool-1 - Start completed.
2026-07-02 02:09:55.738 [http-nio-8090-exec-1] INFO  c.F.c.e.EmployeePublicController - 登录成功: LoginReturn(id=1, username=fanggaozhiai, token=eyJhbGciOiJIUzI1NiJ9.eyJpZCI6MSwidXNlcm5hbWUiOiJmYW5nZ2FvemhpYWkiLCJleHAiOjE3ODI5MzI5OTV9.xjqSaQXwbiyWrortfkAuIVCSw46HdfS4MWHyKbg-lMY, job=0)
2026-07-02 02:09:55.793 [http-nio-8090-exec-3] INFO  c.F.filter.EmployeePermissionFilter - 进入员工权限过滤器
2026-07-02 02:09:55.832 [http-nio-8090-exec-3] INFO  com.Fanggaozhiai.context.Context - 设置用户id: 1
2026-07-02 02:09:55.834 [http-nio-8090-exec-3] INFO  c.F.c.delivery.DeliveryEmpController - 获得空闲订单列表
2026-07-02 02:09:58.674 [http-nio-8090-exec-2] INFO  c.F.filter.UserPermissionFilter - 进入用户权限过滤器
2026-07-02 02:09:58.681 [http-nio-8090-exec-4] INFO  c.F.filter.UserPermissionFilter - 进入用户权限过滤器
2026-07-02 02:09:58.683 [http-nio-8090-exec-4] ERROR c.F.filter.UserPermissionFilter - 用户权限校验失败 - token解析异常: JWT signature does not match locally computed signature. JWT validity cannot be asserted and should not be trusted.
io.jsonwebtoken.security.SignatureException: JWT signature does not match locally computed signature. JWT validity cannot be asserted and should not be trusted.
	at io.jsonwebtoken.impl.DefaultJwtParser.verifySignature(DefaultJwtParser.java:340)
	at io.jsonwebtoken.impl.DefaultJwtParser.parse(DefaultJwtParser.java:576)
	at io.jsonwebtoken.impl.DefaultJwtParser.parse(DefaultJwtParser.java:364)
	at io.jsonwebtoken.impl.DefaultJwtParser.parse(DefaultJwtParser.java:94)
	at io.jsonwebtoken.impl.io.AbstractParser.parse(AbstractParser.java:36)
	at io.jsonwebtoken.impl.io.AbstractParser.parse(AbstractParser.java:29)
	at io.jsonwebtoken.impl.DefaultJwtParser.parseSignedClaims(DefaultJwtParser.java:827)
	at com.Fanggaozhiai.utils.JwtUtil.parseTokenUser(JwtUtil.java:94)
	at com.Fanggaozhiai.filter.UserPermissionFilter.doFilter(UserPermissionFilter.java:63)
	at org.apache.catalina.core.ApplicationFilterChain.doFilter(ApplicationFilterChain.java:107)
	at org.springframework.web.filter.RequestContextFilter.doFilterInternal(RequestContextFilter.java:100)
	at org.springframework.web.filter.OncePerRequestFilter.doFilter(OncePerRequestFilter.java:116)
	at org.apache.catalina.core.ApplicationFilterChain.doFilter(ApplicationFilterChain.java:107)
	at org.springframework.web.filter.FormContentFilter.doFilterInternal(FormContentFilter.java:93)
	at org.springframework.web.filter.OncePerRequestFilter.doFilter(OncePerRequestFilter.java:116)
	at org.apache.catalina.core.ApplicationFilterChain.doFilter(ApplicationFilterChain.java:107)
	at org.springframework.web.filter.CharacterEncodingFilter.doFilterInternal(CharacterEncodingFilter.java:199)
	at org.springframework.web.filter.OncePerRequestFilter.doFilter(OncePerRequestFilter.java:116)
	at org.apache.catalina.core.ApplicationFilterChain.doFilter(ApplicationFilterChain.java:107)
	at org.apache.catalina.core.StandardWrapperValve.invoke(StandardWrapperValve.java:165)
	at org.apache.catalina.core.StandardContextValve.invoke(StandardContextValve.java:77)
	at org.apache.catalina.authenticator.AuthenticatorBase.invoke(AuthenticatorBase.java:492)
	at org.apache.catalina.core.StandardHostValve.invoke(StandardHostValve.java:113)
	at org.apache.catalina.valves.ErrorReportValve.invoke(ErrorReportValve.java:83)
	at org.apache.catalina.core.StandardEngineValve.invoke(StandardEngineValve.java:72)
	at org.apache.catalina.connector.CoyoteAdapter.service(CoyoteAdapter.java:341)
	at org.apache.coyote.http11.Http11Processor.service(Http11Processor.java:397)
	at org.apache.coyote.AbstractProcessorLight.process(AbstractProcessorLight.java:63)
	at org.apache.coyote.AbstractProtocol$ConnectionHandler.process(AbstractProtocol.java:903)
	at org.apache.tomcat.util.net.NioEndpoint$SocketProcessor.doRun(NioEndpoint.java:1801)
	at org.apache.tomcat.util.net.SocketProcessorBase.run(SocketProcessorBase.java:52)
	at org.apache.tomcat.util.threads.ThreadPoolExecutor.runWorker(ThreadPoolExecutor.java:946)
	at org.apache.tomcat.util.threads.ThreadPoolExecutor$Worker.run(ThreadPoolExecutor.java:480)
	at org.apache.tomcat.util.threads.TaskThread$WrappingRunnable.run(TaskThread.java:57)
	at java.base/java.lang.Thread.run(Thread.java:1474)
2026-07-02 02:10:00.177 [http-nio-8090-exec-5] INFO  c.F.c.e.EmployeePublicController - 员工登录: EmployeeLogin(username=fanggaozhiai, password=123456)
2026-07-02 02:10:00.181 [http-nio-8090-exec-5] INFO  c.F.c.e.EmployeePublicController - 登录成功: LoginReturn(id=1, username=fanggaozhiai, token=eyJhbGciOiJIUzI1NiJ9.eyJpZCI6MSwidXNlcm5hbWUiOiJmYW5nZ2FvemhpYWkiLCJleHAiOjE3ODI5MzMwMDB9.E5JXqMPank-d11vDRIkiZpRpQQI4hNENppa4FoWwpUA, job=0)
2026-07-02 02:10:00.214 [http-nio-8090-exec-6] INFO  c.F.filter.EmployeePermissionFilter - 进入员工权限过滤器
2026-07-02 02:10:00.217 [http-nio-8090-exec-6] INFO  com.Fanggaozhiai.context.Context - 设置用户id: 1
2026-07-02 02:10:00.218 [http-nio-8090-exec-6] INFO  c.F.c.delivery.DeliveryEmpController - 获得空闲订单列表
2026-07-02 02:10:01.142 [http-nio-8090-exec-7] INFO  c.F.c.e.EmployeePublicController - 分页查询员工: EmployeePageParam(page=1, pageSize=100, name=null)
2026-07-02 02:10:08.996 [http-nio-8090-exec-8] INFO  c.F.filter.EmployeePermissionFilter - 进入员工权限过滤器
2026-07-02 02:10:08.999 [http-nio-8090-exec-8] INFO  com.Fanggaozhiai.context.Context - 设置用户id: 1
2026-07-02 02:10:09.001 [http-nio-8090-exec-8] INFO  c.F.c.d.DeliveryAdminController - 获得所有订单
2026-07-02 02:10:10.750 [http-nio-8090-exec-9] INFO  c.F.filter.UserPermissionFilter - 进入用户权限过滤器
2026-07-02 02:10:10.750 [http-nio-8090-exec-9] ERROR c.F.filter.UserPermissionFilter - 用户权限校验失败 - token解析异常: JWT signature does not match locally computed signature. JWT validity cannot be asserted and should not be trusted.
io.jsonwebtoken.security.SignatureException: JWT signature does not match locally computed signature. JWT validity cannot be asserted and should not be trusted.
	at io.jsonwebtoken.impl.DefaultJwtParser.verifySignature(DefaultJwtParser.java:340)
	at io.jsonwebtoken.impl.DefaultJwtParser.parse(DefaultJwtParser.java:576)
	at io.jsonwebtoken.impl.DefaultJwtParser.parse(DefaultJwtParser.java:364)
	at io.jsonwebtoken.impl.DefaultJwtParser.parse(DefaultJwtParser.java:94)
	at io.jsonwebtoken.impl.io.AbstractParser.parse(AbstractParser.java:36)
	at io.jsonwebtoken.impl.io.AbstractParser.parse(AbstractParser.java:29)
	at io.jsonwebtoken.impl.DefaultJwtParser.parseSignedClaims(DefaultJwtParser.java:827)
	at com.Fanggaozhiai.utils.JwtUtil.parseTokenUser(JwtUtil.java:94)
	at com.Fanggaozhiai.filter.UserPermissionFilter.doFilter(UserPermissionFilter.java:63)
	at org.apache.catalina.core.ApplicationFilterChain.doFilter(ApplicationFilterChain.java:107)
	at org.springframework.web.filter.RequestContextFilter.doFilterInternal(RequestContextFilter.java:100)
	at org.springframework.web.filter.OncePerRequestFilter.doFilter(OncePerRequestFilter.java:116)
	at org.apache.catalina.core.ApplicationFilterChain.doFilter(ApplicationFilterChain.java:107)
	at org.springframework.web.filter.FormContentFilter.doFilterInternal(FormContentFilter.java:93)
	at org.springframework.web.filter.OncePerRequestFilter.doFilter(OncePerRequestFilter.java:116)
	at org.apache.catalina.core.ApplicationFilterChain.doFilter(ApplicationFilterChain.java:107)
	at org.springframework.web.filter.CharacterEncodingFilter.doFilterInternal(CharacterEncodingFilter.java:199)
	at org.springframework.web.filter.OncePerRequestFilter.doFilter(OncePerRequestFilter.java:116)
	at org.apache.catalina.core.ApplicationFilterChain.doFilter(ApplicationFilterChain.java:107)
	at org.apache.catalina.core.StandardWrapperValve.invoke(StandardWrapperValve.java:165)
	at org.apache.catalina.core.StandardContextValve.invoke(StandardContextValve.java:77)
	at org.apache.catalina.authenticator.AuthenticatorBase.invoke(AuthenticatorBase.java:492)
	at org.apache.catalina.core.StandardHostValve.invoke(StandardHostValve.java:113)
	at org.apache.catalina.valves.ErrorReportValve.invoke(ErrorReportValve.java:83)
	at org.apache.catalina.core.StandardEngineValve.invoke(StandardEngineValve.java:72)
	at org.apache.catalina.connector.CoyoteAdapter.service(CoyoteAdapter.java:341)
	at org.apache.coyote.http11.Http11Processor.service(Http11Processor.java:397)
	at org.apache.coyote.AbstractProcessorLight.process(AbstractProcessorLight.java:63)
	at org.apache.coyote.AbstractProtocol$ConnectionHandler.process(AbstractProtocol.java:903)
	at org.apache.tomcat.util.net.NioEndpoint$SocketProcessor.doRun(NioEndpoint.java:1801)
	at org.apache.tomcat.util.net.SocketProcessorBase.run(SocketProcessorBase.java:52)
	at org.apache.tomcat.util.threads.ThreadPoolExecutor.runWorker(ThreadPoolExecutor.java:946)
	at org.apache.tomcat.util.threads.ThreadPoolExecutor$Worker.run(ThreadPoolExecutor.java:480)
	at org.apache.tomcat.util.threads.TaskThread$WrappingRunnable.run(TaskThread.java:57)
	at java.base/java.lang.Thread.run(Thread.java:1474)
2026-07-02 02:10:15.205 [http-nio-8090-exec-10] INFO  c.F.c.e.EmployeePublicController - 员工登录: EmployeeLogin(username=fanggaozhiai, password=123456)
2026-07-02 02:10:15.206 [http-nio-8090-exec-10] INFO  c.F.c.e.EmployeePublicController - 登录成功: LoginReturn(id=1, username=fanggaozhiai, token=eyJhbGciOiJIUzI1NiJ9.eyJpZCI6MSwidXNlcm5hbWUiOiJmYW5nZ2FvemhpYWkiLCJleHAiOjE3ODI5MzMwMTV9.qfzkMcIz-sZjoLqSdx8L-MQpRwTifjTVQ4KfVCj2CdE, job=0)
2026-07-02 02:10:15.247 [http-nio-8090-exec-1] INFO  c.F.filter.EmployeePermissionFilter - 进入员工权限过滤器
2026-07-02 02:10:15.250 [http-nio-8090-exec-1] INFO  com.Fanggaozhiai.context.Context - 设置用户id: 1
2026-07-02 02:10:15.251 [http-nio-8090-exec-1] INFO  c.F.c.delivery.DeliveryEmpController - 获得空闲订单列表
2026-07-02 02:10:19.526 [http-nio-8090-exec-3] INFO  c.F.filter.UserPermissionFilter - 进入用户权限过滤器
2026-07-02 02:10:19.528 [http-nio-8090-exec-3] ERROR c.F.filter.UserPermissionFilter - 用户权限校验失败 - token解析异常: JWT signature does not match locally computed signature. JWT validity cannot be asserted and should not be trusted.
io.jsonwebtoken.security.SignatureException: JWT signature does not match locally computed signature. JWT validity cannot be asserted and should not be trusted.
	at io.jsonwebtoken.impl.DefaultJwtParser.verifySignature(DefaultJwtParser.java:340)
	at io.jsonwebtoken.impl.DefaultJwtParser.parse(DefaultJwtParser.java:576)
	at io.jsonwebtoken.impl.DefaultJwtParser.parse(DefaultJwtParser.java:364)
	at io.jsonwebtoken.impl.DefaultJwtParser.parse(DefaultJwtParser.java:94)
	at io.jsonwebtoken.impl.io.AbstractParser.parse(AbstractParser.java:36)
	at io.jsonwebtoken.impl.io.AbstractParser.parse(AbstractParser.java:29)
	at io.jsonwebtoken.impl.DefaultJwtParser.parseSignedClaims(DefaultJwtParser.java:827)
	at com.Fanggaozhiai.utils.JwtUtil.parseTokenUser(JwtUtil.java:94)
	at com.Fanggaozhiai.filter.UserPermissionFilter.doFilter(UserPermissionFilter.java:63)
	at org.apache.catalina.core.ApplicationFilterChain.doFilter(ApplicationFilterChain.java:107)
	at org.springframework.web.filter.RequestContextFilter.doFilterInternal(RequestContextFilter.java:100)
	at org.springframework.web.filter.OncePerRequestFilter.doFilter(OncePerRequestFilter.java:116)
	at org.apache.catalina.core.ApplicationFilterChain.doFilter(ApplicationFilterChain.java:107)
	at org.springframework.web.filter.FormContentFilter.doFilterInternal(FormContentFilter.java:93)
	at org.springframework.web.filter.OncePerRequestFilter.doFilter(OncePerRequestFilter.java:116)
	at org.apache.catalina.core.ApplicationFilterChain.doFilter(ApplicationFilterChain.java:107)
	at org.springframework.web.filter.CharacterEncodingFilter.doFilterInternal(CharacterEncodingFilter.java:199)
	at org.springframework.web.filter.OncePerRequestFilter.doFilter(OncePerRequestFilter.java:116)
	at org.apache.catalina.core.ApplicationFilterChain.doFilter(ApplicationFilterChain.java:107)
	at org.apache.catalina.core.StandardWrapperValve.invoke(StandardWrapperValve.java:165)
	at org.apache.catalina.core.StandardContextValve.invoke(StandardContextValve.java:77)
	at org.apache.catalina.authenticator.AuthenticatorBase.invoke(AuthenticatorBase.java:492)
	at org.apache.catalina.core.StandardHostValve.invoke(StandardHostValve.java:113)
	at org.apache.catalina.valves.ErrorReportValve.invoke(ErrorReportValve.java:83)
	at org.apache.catalina.core.StandardEngineValve.invoke(StandardEngineValve.java:72)
	at org.apache.catalina.connector.CoyoteAdapter.service(CoyoteAdapter.java:341)
	at org.apache.coyote.http11.Http11Processor.service(Http11Processor.java:397)
	at org.apache.coyote.AbstractProcessorLight.process(AbstractProcessorLight.java:63)
	at org.apache.coyote.AbstractProtocol$ConnectionHandler.process(AbstractProtocol.java:903)
	at org.apache.tomcat.util.net.NioEndpoint$SocketProcessor.doRun(NioEndpoint.java:1801)
	at org.apache.tomcat.util.net.SocketProcessorBase.run(SocketProcessorBase.java:52)
	at org.apache.tomcat.util.threads.ThreadPoolExecutor.runWorker(ThreadPoolExecutor.java:946)
	at org.apache.tomcat.util.threads.ThreadPoolExecutor$Worker.run(ThreadPoolExecutor.java:480)
	at org.apache.tomcat.util.threads.TaskThread$WrappingRunnable.run(TaskThread.java:57)
	at java.base/java.lang.Thread.run(Thread.java:1474)
2026-07-02 02:10:39.878 [http-nio-8090-exec-2] INFO  c.F.c.e.EmployeePublicController - 员工登录: EmployeeLogin(username=fanggaozhiai, password=123456)
2026-07-02 02:10:39.881 [http-nio-8090-exec-2] INFO  c.F.c.e.EmployeePublicController - 登录成功: LoginReturn(id=1, username=fanggaozhiai, token=eyJhbGciOiJIUzI1NiJ9.eyJpZCI6MSwidXNlcm5hbWUiOiJmYW5nZ2FvemhpYWkiLCJleHAiOjE3ODI5MzMwMzl9.7yhHp_rrADJPJLzUJQr9LdzcvJQlmQNu4sU4D0NWl3M, job=0)
2026-07-02 02:10:39.920 [http-nio-8090-exec-4] INFO  c.F.filter.EmployeePermissionFilter - 进入员工权限过滤器
2026-07-02 02:10:39.923 [http-nio-8090-exec-4] INFO  com.Fanggaozhiai.context.Context - 设置用户id: 1
2026-07-02 02:10:39.924 [http-nio-8090-exec-4] INFO  c.F.c.delivery.DeliveryEmpController - 获得空闲订单列表
2026-07-02 02:10:48.092 [http-nio-8090-exec-5] INFO  c.F.filter.UserPermissionFilter - 进入用户权限过滤器
2026-07-02 02:10:48.092 [http-nio-8090-exec-5] ERROR c.F.filter.UserPermissionFilter - 用户权限校验失败 - token解析异常: JWT signature does not match locally computed signature. JWT validity cannot be asserted and should not be trusted.
io.jsonwebtoken.security.SignatureException: JWT signature does not match locally computed signature. JWT validity cannot be asserted and should not be trusted.
	at io.jsonwebtoken.impl.DefaultJwtParser.verifySignature(DefaultJwtParser.java:340)
	at io.jsonwebtoken.impl.DefaultJwtParser.parse(DefaultJwtParser.java:576)
	at io.jsonwebtoken.impl.DefaultJwtParser.parse(DefaultJwtParser.java:364)
	at io.jsonwebtoken.impl.DefaultJwtParser.parse(DefaultJwtParser.java:94)
	at io.jsonwebtoken.impl.io.AbstractParser.parse(AbstractParser.java:36)
	at io.jsonwebtoken.impl.io.AbstractParser.parse(AbstractParser.java:29)
	at io.jsonwebtoken.impl.DefaultJwtParser.parseSignedClaims(DefaultJwtParser.java:827)
	at com.Fanggaozhiai.utils.JwtUtil.parseTokenUser(JwtUtil.java:94)
	at com.Fanggaozhiai.filter.UserPermissionFilter.doFilter(UserPermissionFilter.java:63)
	at org.apache.catalina.core.ApplicationFilterChain.doFilter(ApplicationFilterChain.java:107)
	at org.springframework.web.filter.RequestContextFilter.doFilterInternal(RequestContextFilter.java:100)
	at org.springframework.web.filter.OncePerRequestFilter.doFilter(OncePerRequestFilter.java:116)
	at org.apache.catalina.core.ApplicationFilterChain.doFilter(ApplicationFilterChain.java:107)
	at org.springframework.web.filter.FormContentFilter.doFilterInternal(FormContentFilter.java:93)
	at org.springframework.web.filter.OncePerRequestFilter.doFilter(OncePerRequestFilter.java:116)
	at org.apache.catalina.core.ApplicationFilterChain.doFilter(ApplicationFilterChain.java:107)
	at org.springframework.web.filter.CharacterEncodingFilter.doFilterInternal(CharacterEncodingFilter.java:199)
	at org.springframework.web.filter.OncePerRequestFilter.doFilter(OncePerRequestFilter.java:116)
	at org.apache.catalina.core.ApplicationFilterChain.doFilter(ApplicationFilterChain.java:107)
	at org.apache.catalina.core.StandardWrapperValve.invoke(StandardWrapperValve.java:165)
	at org.apache.catalina.core.StandardContextValve.invoke(StandardContextValve.java:77)
	at org.apache.catalina.authenticator.AuthenticatorBase.invoke(AuthenticatorBase.java:492)
	at org.apache.catalina.core.StandardHostValve.invoke(StandardHostValve.java:113)
	at org.apache.catalina.valves.ErrorReportValve.invoke(ErrorReportValve.java:83)
	at org.apache.catalina.core.StandardEngineValve.invoke(StandardEngineValve.java:72)
	at org.apache.catalina.connector.CoyoteAdapter.service(CoyoteAdapter.java:341)
	at org.apache.coyote.http11.Http11Processor.service(Http11Processor.java:397)
	at org.apache.coyote.AbstractProcessorLight.process(AbstractProcessorLight.java:63)
	at org.apache.coyote.AbstractProtocol$ConnectionHandler.process(AbstractProtocol.java:903)
	at org.apache.tomcat.util.net.NioEndpoint$SocketProcessor.doRun(NioEndpoint.java:1801)
	at org.apache.tomcat.util.net.SocketProcessorBase.run(SocketProcessorBase.java:52)
	at org.apache.tomcat.util.threads.ThreadPoolExecutor.runWorker(ThreadPoolExecutor.java:946)
	at org.apache.tomcat.util.threads.ThreadPoolExecutor$Worker.run(ThreadPoolExecutor.java:480)
	at org.apache.tomcat.util.threads.TaskThread$WrappingRunnable.run(TaskThread.java:57)
	at java.base/java.lang.Thread.run(Thread.java:1474)
2026-07-02 02:14:06.042 [SpringApplicationShutdownHook] INFO  com.zaxxer.hikari.HikariDataSource - HikariPool-1 - Shutdown initiated...
2026-07-02 02:14:06.046 [SpringApplicationShutdownHook] INFO  com.zaxxer.hikari.HikariDataSource - HikariPool-1 - Shutdown completed.
2026-07-02 02:14:06.048 [SpringApplicationShutdownHook] INFO  c.F.filter.UserPermissionFilter - 销毁用户权限过滤器
2026-07-02 02:14:06.048 [SpringApplicationShutdownHook] INFO  c.F.filter.EmployeePermissionFilter - 销毁员工权限过滤器
2026-07-02 02:21:46.497 [main] INFO  com.Fanggaozhiai.ShopApplication - Starting ShopApplication using Java 25 with PID 34064 (E:\vibe\community-shop\community-shop-server\target\classes started by 23561 in E:\vibe\community-shop)
2026-07-02 02:21:46.500 [main] INFO  com.Fanggaozhiai.ShopApplication - No active profile set, falling back to 1 default profile: "default"
2026-07-02 02:21:46.617 [background-preinit] INFO  o.h.validator.internal.util.Version - HV000001: Hibernate Validator 9.0.1.Final
2026-07-02 02:21:47.266 [main] INFO  o.a.coyote.http11.Http11NioProtocol - Initializing ProtocolHandler ["http-nio-8090"]
2026-07-02 02:21:47.268 [main] INFO  o.a.catalina.core.StandardService - Starting service [Tomcat]
2026-07-02 02:21:47.268 [main] INFO  o.a.catalina.core.StandardEngine - Starting Servlet engine: [Apache Tomcat/11.0.21]
2026-07-02 02:21:47.453 [main] INFO  c.F.filter.UserPermissionFilter - 初始化用户权限过滤器
2026-07-02 02:21:47.454 [main] INFO  c.F.filter.EmployeePermissionFilter - 初始化员工权限过滤器
2026-07-02 02:21:47.592 [main] INFO  com.Fanggaozhiai.utils.JwtUtil - JwtUtil初始化完成, userSecret=已加载, expire=3600000
2026-07-02 02:21:47.800 [main] INFO  o.a.coyote.http11.Http11NioProtocol - Starting ProtocolHandler ["http-nio-8090"]
2026-07-02 02:21:47.826 [main] INFO  com.Fanggaozhiai.ShopApplication - Started ShopApplication in 1.635 seconds (process running for 2.162)
2026-07-02 02:21:50.757 [http-nio-8090-exec-1] INFO  o.a.c.c.C.[Tomcat].[localhost].[/] - Initializing Spring DispatcherServlet 'dispatcherServlet'
2026-07-02 02:21:50.849 [http-nio-8090-exec-1] INFO  c.F.c.e.EmployeePublicController - 员工登录: EmployeeLogin(username=fanggaozhiai, password=123456)
2026-07-02 02:21:50.867 [http-nio-8090-exec-1] INFO  com.zaxxer.hikari.HikariDataSource - HikariPool-1 - Starting...
2026-07-02 02:21:51.035 [http-nio-8090-exec-1] INFO  com.zaxxer.hikari.pool.HikariPool - HikariPool-1 - Added connection com.mysql.cj.jdbc.ConnectionImpl@5ae3964e
2026-07-02 02:21:51.037 [http-nio-8090-exec-1] INFO  com.zaxxer.hikari.HikariDataSource - HikariPool-1 - Start completed.
2026-07-02 02:21:51.265 [http-nio-8090-exec-1] INFO  c.F.c.e.EmployeePublicController - 登录成功: LoginReturn(id=1, username=fanggaozhiai, token=eyJhbGciOiJIUzI1NiJ9.eyJpZCI6MSwidXNlcm5hbWUiOiJmYW5nZ2FvemhpYWkiLCJleHAiOjE3ODI5MzM3MTF9.ArtHSjXjreYjiWKKRrvNzi9fIp7jCXmD8tam9j_coN0, job=0)
2026-07-02 02:21:51.329 [http-nio-8090-exec-2] INFO  c.F.filter.EmployeePermissionFilter - 进入员工权限过滤器
2026-07-02 02:21:51.374 [http-nio-8090-exec-2] INFO  com.Fanggaozhiai.context.Context - 设置用户id: 1
2026-07-02 02:21:51.376 [http-nio-8090-exec-2] INFO  c.F.c.delivery.DeliveryEmpController - 获得空闲订单列表
2026-07-02 02:21:52.671 [http-nio-8090-exec-10] INFO  c.F.c.e.EmployeePublicController - 分页查询员工: EmployeePageParam(page=1, pageSize=10, name=null)
2026-07-02 02:21:54.703 [http-nio-8090-exec-5] INFO  c.F.c.e.EmployeePublicController - 分页查询员工: EmployeePageParam(page=2, pageSize=10, name=null)
2026-07-02 02:21:57.200 [http-nio-8090-exec-8] INFO  c.F.filter.UserPermissionFilter - 进入用户权限过滤器
2026-07-02 02:21:57.202 [http-nio-8090-exec-8] INFO  c.F.filter.UserPermissionFilter - 用户token解析失败，尝试管理员token: JWT signature does not match locally computed signature. JWT validity cannot be asserted and should not be trusted.
2026-07-02 02:21:57.204 [http-nio-8090-exec-8] INFO  c.F.filter.UserPermissionFilter - 管理员token验证通过，管理员ID: 1
2026-07-02 02:21:57.204 [http-nio-8090-exec-8] INFO  com.Fanggaozhiai.context.Context - 设置用户id: 1
2026-07-02 02:21:57.207 [http-nio-8090-exec-8] INFO  c.F.c.user.UserPublicController - 分页查询: UserPageParam(page=1, pageSize=10, username=null)
2026-07-02 02:22:25.621 [http-nio-8090-exec-6] INFO  c.F.filter.UserPermissionFilter - 进入用户权限过滤器
2026-07-02 02:22:25.622 [http-nio-8090-exec-6] INFO  c.F.filter.UserPermissionFilter - 用户token解析失败，尝试管理员token: JWT signature does not match locally computed signature. JWT validity cannot be asserted and should not be trusted.
2026-07-02 02:22:25.624 [http-nio-8090-exec-6] INFO  c.F.filter.UserPermissionFilter - 管理员token验证通过，管理员ID: 1
2026-07-02 02:22:25.624 [http-nio-8090-exec-6] INFO  com.Fanggaozhiai.context.Context - 设置用户id: 1
2026-07-02 02:22:25.625 [http-nio-8090-exec-6] INFO  c.F.c.user.UserPublicController - 分页查询: UserPageParam(page=1, pageSize=10, username=fang)
2026-07-02 02:22:35.297 [http-nio-8090-exec-3] INFO  c.F.filter.UserPermissionFilter - 进入用户权限过滤器
2026-07-02 02:22:35.300 [http-nio-8090-exec-3] INFO  c.F.c.user.UserPublicController - 用户登录: UserLogin(username=fanggao, password=123456)
2026-07-02 02:22:35.304 [http-nio-8090-exec-3] INFO  c.F.c.user.UserPublicController - 登录成功: LoginReturn(id=1, username=fanggao, token=eyJhbGciOiJIUzI1NiJ9.eyJpZCI6MSwidXNlcm5hbWUiOiJmYW5nZ2FvIiwiZXhwIjoxNzgyOTMzNzU1fQ.-9ONzp5LtJvTT7tWPOeL5PkBbT5G3qh1VSUB_fwwqIo, job=null)
2026-07-02 02:22:37.219 [http-nio-8090-exec-7] INFO  c.F.c.shop.ShopPublicController - 查询商铺信息
2026-07-02 02:23:54.239 [http-nio-8090-exec-1] INFO  c.F.filter.UserPermissionFilter - 进入用户权限过滤器
2026-07-02 02:23:54.239 [http-nio-8090-exec-1] INFO  c.F.filter.UserPermissionFilter - 用户token解析失败，尝试管理员token: JWT signature does not match locally computed signature. JWT validity cannot be asserted and should not be trusted.
2026-07-02 02:23:54.241 [http-nio-8090-exec-1] INFO  c.F.filter.UserPermissionFilter - 管理员token验证通过，管理员ID: 1
2026-07-02 02:23:54.242 [http-nio-8090-exec-1] INFO  com.Fanggaozhiai.context.Context - 设置用户id: 1
2026-07-02 02:23:54.243 [http-nio-8090-exec-1] INFO  c.F.c.user.UserPublicController - 分页查询: UserPageParam(page=1, pageSize=10, username=null)
2026-07-02 02:24:26.016 [http-nio-8090-exec-2] INFO  c.F.c.e.EmployeePublicController - 员工登录: EmployeeLogin(username=fanggaozhiai, password=123456)
2026-07-02 02:24:26.020 [http-nio-8090-exec-2] INFO  c.F.c.e.EmployeePublicController - 登录成功: LoginReturn(id=1, username=fanggaozhiai, token=eyJhbGciOiJIUzI1NiJ9.eyJpZCI6MSwidXNlcm5hbWUiOiJmYW5nZ2FvemhpYWkiLCJleHAiOjE3ODI5MzM4NjZ9.CFDLCx7CmmN7PmCdsHxIgWOLE5_5yPHIQRIIOJ07Q_4, job=0)
2026-07-02 02:24:26.042 [http-nio-8090-exec-10] INFO  c.F.filter.EmployeePermissionFilter - 进入员工权限过滤器
2026-07-02 02:24:26.045 [http-nio-8090-exec-10] INFO  com.Fanggaozhiai.context.Context - 设置用户id: 1
2026-07-02 02:24:26.046 [http-nio-8090-exec-10] INFO  c.F.c.delivery.DeliveryEmpController - 获得空闲订单列表
2026-07-02 02:24:26.810 [http-nio-8090-exec-5] INFO  c.F.filter.UserPermissionFilter - 进入用户权限过滤器
2026-07-02 02:24:26.811 [http-nio-8090-exec-5] INFO  c.F.filter.UserPermissionFilter - 用户token解析失败，尝试管理员token: JWT signature does not match locally computed signature. JWT validity cannot be asserted and should not be trusted.
2026-07-02 02:24:26.813 [http-nio-8090-exec-5] INFO  c.F.filter.UserPermissionFilter - 管理员token验证通过，管理员ID: 1
2026-07-02 02:24:26.814 [http-nio-8090-exec-5] INFO  com.Fanggaozhiai.context.Context - 设置用户id: 1
2026-07-02 02:24:26.814 [http-nio-8090-exec-5] INFO  c.F.c.user.UserPublicController - 分页查询: UserPageParam(page=1, pageSize=10, username=null)
2026-07-02 02:25:25.258 [http-nio-8090-exec-8] INFO  c.F.filter.UserPermissionFilter - 进入用户权限过滤器
2026-07-02 02:25:25.260 [http-nio-8090-exec-8] INFO  c.F.filter.UserPermissionFilter - 用户token解析失败，尝试管理员token: JWT signature does not match locally computed signature. JWT validity cannot be asserted and should not be trusted.
2026-07-02 02:25:25.262 [http-nio-8090-exec-8] INFO  c.F.filter.UserPermissionFilter - 管理员token验证通过，管理员ID: 1
2026-07-02 02:25:25.262 [http-nio-8090-exec-8] INFO  com.Fanggaozhiai.context.Context - 设置用户id: 1
2026-07-02 02:25:25.264 [http-nio-8090-exec-8] INFO  c.F.c.user.UserPublicController - 分页查询: UserPageParam(page=1, pageSize=10, username=null)
2026-07-02 02:25:33.267 [http-nio-8090-exec-6] INFO  c.F.filter.UserPermissionFilter - 进入用户权限过滤器
2026-07-02 02:25:33.268 [http-nio-8090-exec-6] INFO  c.F.filter.UserPermissionFilter - 用户token解析失败，尝试管理员token: JWT signature does not match locally computed signature. JWT validity cannot be asserted and should not be trusted.
2026-07-02 02:25:33.270 [http-nio-8090-exec-6] INFO  c.F.filter.UserPermissionFilter - 管理员token验证通过，管理员ID: 1
2026-07-02 02:25:33.271 [http-nio-8090-exec-6] INFO  com.Fanggaozhiai.context.Context - 设置用户id: 1
2026-07-02 02:25:33.272 [http-nio-8090-exec-6] INFO  c.F.c.user.UserPublicController - 分页查询: UserPageParam(page=1, pageSize=10, username=null)
2026-07-02 02:26:11.190 [http-nio-8090-exec-3] INFO  c.F.c.e.EmployeePublicController - 分页查询员工: EmployeePageParam(page=1, pageSize=10, name=null)
2026-07-02 02:26:11.843 [http-nio-8090-exec-9] INFO  c.F.filter.UserPermissionFilter - 进入用户权限过滤器
2026-07-02 02:26:11.843 [http-nio-8090-exec-9] INFO  c.F.filter.UserPermissionFilter - 用户token解析失败，尝试管理员token: JWT signature does not match locally computed signature. JWT validity cannot be asserted and should not be trusted.
2026-07-02 02:26:11.846 [http-nio-8090-exec-9] INFO  c.F.filter.UserPermissionFilter - 管理员token验证通过，管理员ID: 1
2026-07-02 02:26:11.847 [http-nio-8090-exec-9] INFO  com.Fanggaozhiai.context.Context - 设置用户id: 1
2026-07-02 02:26:11.848 [http-nio-8090-exec-9] INFO  c.F.c.user.UserPublicController - 分页查询: UserPageParam(page=1, pageSize=10, username=null)
2026-07-02 02:26:28.951 [http-nio-8090-exec-7] INFO  c.F.filter.UserPermissionFilter - 进入用户权限过滤器
2026-07-02 02:26:28.957 [http-nio-8090-exec-4] INFO  c.F.filter.UserPermissionFilter - 进入用户权限过滤器
2026-07-02 02:26:28.958 [http-nio-8090-exec-4] INFO  c.F.filter.UserPermissionFilter - 用户token解析失败，尝试管理员token: JWT signature does not match locally computed signature. JWT validity cannot be asserted and should not be trusted.
2026-07-02 02:26:28.961 [http-nio-8090-exec-4] INFO  c.F.filter.UserPermissionFilter - 管理员token验证通过，管理员ID: 1
2026-07-02 02:26:28.961 [http-nio-8090-exec-4] INFO  com.Fanggaozhiai.context.Context - 设置用户id: 1
2026-07-02 02:26:28.964 [http-nio-8090-exec-4] INFO  c.F.c.user.UserPublicController - 查询用户信息: 2
2026-07-02 02:26:30.273 [http-nio-8090-exec-1] INFO  c.F.filter.UserPermissionFilter - 进入用户权限过滤器
2026-07-02 02:26:30.276 [http-nio-8090-exec-2] INFO  c.F.filter.UserPermissionFilter - 进入用户权限过滤器
2026-07-02 02:26:30.278 [http-nio-8090-exec-2] INFO  c.F.filter.UserPermissionFilter - 用户token解析失败，尝试管理员token: JWT signature does not match locally computed signature. JWT validity cannot be asserted and should not be trusted.
2026-07-02 02:26:30.281 [http-nio-8090-exec-2] INFO  c.F.filter.UserPermissionFilter - 管理员token验证通过，管理员ID: 1
2026-07-02 02:26:30.281 [http-nio-8090-exec-2] INFO  com.Fanggaozhiai.context.Context - 设置用户id: 1
2026-07-02 02:26:30.282 [http-nio-8090-exec-2] INFO  c.F.c.user.UserPublicController - 查询用户信息: 1
2026-07-02 02:27:04.893 [SpringApplicationShutdownHook] INFO  com.zaxxer.hikari.HikariDataSource - HikariPool-1 - Shutdown initiated...
2026-07-02 02:27:04.896 [SpringApplicationShutdownHook] INFO  com.zaxxer.hikari.HikariDataSource - HikariPool-1 - Shutdown completed.
2026-07-02 02:27:04.898 [SpringApplicationShutdownHook] INFO  c.F.filter.UserPermissionFilter - 销毁用户权限过滤器
2026-07-02 02:27:04.898 [SpringApplicationShutdownHook] INFO  c.F.filter.EmployeePermissionFilter - 销毁员工权限过滤器
2026-07-02 10:13:56.083 [main] INFO  com.Fanggaozhiai.ShopApplication - Starting ShopApplication using Java 25 with PID 28300 (E:\vibe\community-shop\community-shop-server\target\classes started by 23561 in E:\vibe\community-shop)
2026-07-02 10:13:56.085 [main] INFO  com.Fanggaozhiai.ShopApplication - No active profile set, falling back to 1 default profile: "default"
2026-07-02 10:13:56.319 [background-preinit] INFO  o.h.validator.internal.util.Version - HV000001: Hibernate Validator 9.0.1.Final
2026-07-02 10:13:57.240 [main] INFO  o.a.coyote.http11.Http11NioProtocol - Initializing ProtocolHandler ["http-nio-8090"]
2026-07-02 10:13:57.241 [main] INFO  o.a.catalina.core.StandardService - Starting service [Tomcat]
2026-07-02 10:13:57.241 [main] INFO  o.a.catalina.core.StandardEngine - Starting Servlet engine: [Apache Tomcat/11.0.21]
2026-07-02 10:13:57.521 [main] INFO  c.F.filter.UserPermissionFilter - 初始化用户权限过滤器
2026-07-02 10:13:57.522 [main] INFO  c.F.filter.EmployeePermissionFilter - 初始化员工权限过滤器
2026-07-02 10:13:57.674 [main] INFO  com.Fanggaozhiai.utils.JwtUtil - JwtUtil初始化完成, userSecret=已加载, expire=3600000
2026-07-02 10:13:57.956 [main] INFO  o.a.coyote.http11.Http11NioProtocol - Starting ProtocolHandler ["http-nio-8090"]
2026-07-02 10:13:57.988 [main] INFO  com.Fanggaozhiai.ShopApplication - Started ShopApplication in 2.392 seconds (process running for 3.918)
2026-07-02 10:14:11.398 [http-nio-8090-exec-1] INFO  o.a.c.c.C.[Tomcat].[localhost].[/] - Initializing Spring DispatcherServlet 'dispatcherServlet'
2026-07-02 10:14:11.510 [http-nio-8090-exec-2] INFO  c.F.c.e.EmployeePublicController - 员工登录: EmployeeLogin(username=fanggaozhiai, password=123456)
2026-07-02 10:14:11.526 [http-nio-8090-exec-2] INFO  com.zaxxer.hikari.HikariDataSource - HikariPool-1 - Starting...
2026-07-02 10:14:11.693 [http-nio-8090-exec-2] INFO  com.zaxxer.hikari.pool.HikariPool - HikariPool-1 - Added connection com.mysql.cj.jdbc.ConnectionImpl@5f2ca194
2026-07-02 10:14:11.695 [http-nio-8090-exec-2] INFO  com.zaxxer.hikari.HikariDataSource - HikariPool-1 - Start completed.
2026-07-02 10:14:11.985 [http-nio-8090-exec-2] INFO  c.F.c.e.EmployeePublicController - 登录成功: LoginReturn(id=1, username=fanggaozhiai, token=eyJhbGciOiJIUzI1NiJ9.eyJpZCI6MSwidXNlcm5hbWUiOiJmYW5nZ2FvemhpYWkiLCJleHAiOjE3ODI5NjIwNTF9.GyBg45JT7r_XldtVWaRmSkEnOXiv5uXpdLbasdq47dE, job=0)
2026-07-02 10:14:12.373 [http-nio-8090-exec-3] INFO  c.F.filter.EmployeePermissionFilter - 进入员工权限过滤器
2026-07-02 10:14:12.378 [http-nio-8090-exec-4] INFO  c.F.filter.EmployeePermissionFilter - 进入员工权限过滤器
2026-07-02 10:14:12.432 [http-nio-8090-exec-4] INFO  com.Fanggaozhiai.context.Context - 设置用户id: 1
2026-07-02 10:14:12.433 [http-nio-8090-exec-4] INFO  c.F.c.delivery.DeliveryEmpController - 获得空闲订单列表
2026-07-02 10:14:16.175 [http-nio-8090-exec-5] INFO  c.F.filter.EmployeePermissionFilter - 进入员工权限过滤器
2026-07-02 10:14:16.181 [http-nio-8090-exec-8] INFO  c.F.filter.EmployeePermissionFilter - 进入员工权限过滤器
2026-07-02 10:14:16.187 [http-nio-8090-exec-8] INFO  com.Fanggaozhiai.context.Context - 设置用户id: 1
2026-07-02 10:14:16.188 [http-nio-8090-exec-8] INFO  c.F.c.d.DeliveryAdminController - 获得所有订单
2026-07-02 10:14:20.547 [http-nio-8090-exec-6] INFO  c.F.filter.EmployeePermissionFilter - 进入员工权限过滤器
2026-07-02 10:14:20.552 [http-nio-8090-exec-9] INFO  c.F.filter.EmployeePermissionFilter - 进入员工权限过滤器
2026-07-02 10:14:20.557 [http-nio-8090-exec-9] INFO  com.Fanggaozhiai.context.Context - 设置用户id: 1
2026-07-02 10:14:20.560 [http-nio-8090-exec-9] INFO  c.F.c.d.DeliveryAdminController - 订单id : 12
2026-07-02 10:14:28.632 [http-nio-8090-exec-10] INFO  c.F.c.e.EmployeePublicController - 分页查询员工: EmployeePageParam(page=1, pageSize=10, name=null)
2026-07-02 10:14:31.594 [http-nio-8090-exec-1] INFO  c.F.filter.UserPermissionFilter - 进入用户权限过滤器
2026-07-02 10:14:31.598 [http-nio-8090-exec-2] INFO  c.F.filter.UserPermissionFilter - 进入用户权限过滤器
2026-07-02 10:14:31.600 [http-nio-8090-exec-2] INFO  c.F.filter.UserPermissionFilter - 用户token解析失败，尝试管理员token: JWT signature does not match locally computed signature. JWT validity cannot be asserted and should not be trusted.
2026-07-02 10:14:31.602 [http-nio-8090-exec-2] INFO  c.F.filter.UserPermissionFilter - 管理员token验证通过，管理员ID: 1
2026-07-02 10:14:31.602 [http-nio-8090-exec-2] INFO  com.Fanggaozhiai.context.Context - 设置用户id: 1
2026-07-02 10:14:31.604 [http-nio-8090-exec-2] INFO  c.F.c.user.UserPublicController - 分页查询: UserPageParam(page=1, pageSize=10, username=null)
2026-07-02 10:14:34.051 [http-nio-8090-exec-3] INFO  c.F.filter.EmployeePermissionFilter - 进入员工权限过滤器
2026-07-02 10:14:34.054 [http-nio-8090-exec-3] INFO  com.Fanggaozhiai.context.Context - 设置用户id: 1
2026-07-02 10:14:34.055 [http-nio-8090-exec-3] INFO  c.F.c.delivery.DeliveryEmpController - 获得空闲订单列表
2026-07-02 10:14:59.662 [http-nio-8090-exec-4] INFO  c.F.filter.UserPermissionFilter - 进入用户权限过滤器
2026-07-02 10:14:59.665 [http-nio-8090-exec-5] INFO  c.F.filter.UserPermissionFilter - 进入用户权限过滤器
2026-07-02 10:14:59.668 [http-nio-8090-exec-5] INFO  c.F.c.user.UserPublicController - 用户登录: UserLogin(username=fanggao, password=123456)
2026-07-02 10:14:59.671 [http-nio-8090-exec-5] INFO  c.F.c.user.UserPublicController - 登录成功: LoginReturn(id=1, username=fanggao, token=eyJhbGciOiJIUzI1NiJ9.eyJpZCI6MSwidXNlcm5hbWUiOiJmYW5nZ2FvIiwiZXhwIjoxNzgyOTYyMDk5fQ.40tQ5T6DWjxLgdJZjY7whCZ_YO5o8Vkvi16jR-0kmLg, job=null)
2026-07-02 10:15:02.545 [http-nio-8090-exec-7] INFO  c.F.c.shop.ShopPublicController - 查询商铺信息
2026-07-02 10:15:03.382 [http-nio-8090-exec-10] INFO  c.F.filter.UserPermissionFilter - 进入用户权限过滤器
2026-07-02 10:15:03.386 [http-nio-8090-exec-1] INFO  c.F.filter.UserPermissionFilter - 进入用户权限过滤器
2026-07-02 10:15:03.387 [http-nio-8090-exec-1] INFO  c.F.filter.UserPermissionFilter - 用户token验证通过，用户ID: 1
2026-07-02 10:15:03.387 [http-nio-8090-exec-1] INFO  com.Fanggaozhiai.context.Context - 设置用户id: 1
2026-07-02 10:15:03.388 [http-nio-8090-exec-1] INFO  c.F.controller.order.OrderController - 查询自己的订单
2026-07-02 10:15:03.388 [http-nio-8090-exec-1] INFO  com.Fanggaozhiai.context.Context - 获取用户id: 1
2026-07-02 10:15:04.026 [http-nio-8090-exec-2] INFO  c.F.c.shop.ShopPublicController - 查询商铺信息
2026-07-02 10:15:04.483 [http-nio-8090-exec-4] INFO  c.F.c.p.ProductPublicController - 查询商铺商品列表，商铺ID: 1
2026-07-02 10:15:08.041 [http-nio-8090-exec-5] INFO  c.F.filter.UserPermissionFilter - 进入用户权限过滤器
2026-07-02 10:15:08.043 [http-nio-8090-exec-5] INFO  c.F.filter.UserPermissionFilter - 用户token验证通过，用户ID: 1
2026-07-02 10:15:08.043 [http-nio-8090-exec-5] INFO  com.Fanggaozhiai.context.Context - 设置用户id: 1
2026-07-02 10:15:08.043 [http-nio-8090-exec-5] INFO  c.F.controller.order.OrderController - 查询自己的订单
2026-07-02 10:15:08.043 [http-nio-8090-exec-5] INFO  com.Fanggaozhiai.context.Context - 获取用户id: 1
2026-07-02 10:15:08.820 [http-nio-8090-exec-8] INFO  c.F.filter.UserPermissionFilter - 进入用户权限过滤器
2026-07-02 10:15:08.824 [http-nio-8090-exec-6] INFO  c.F.filter.UserPermissionFilter - 进入用户权限过滤器
2026-07-02 10:15:08.825 [http-nio-8090-exec-6] INFO  c.F.filter.UserPermissionFilter - 用户token验证通过，用户ID: 1
2026-07-02 10:15:08.825 [http-nio-8090-exec-6] INFO  com.Fanggaozhiai.context.Context - 设置用户id: 1
2026-07-02 10:15:08.825 [http-nio-8090-exec-6] INFO  com.Fanggaozhiai.context.Context - 获取用户id: 1
2026-07-02 10:15:08.825 [http-nio-8090-exec-6] INFO  c.F.controller.user.UserController - 获取当前用户信息: id=1
2026-07-02 10:15:09.933 [http-nio-8090-exec-9] INFO  c.F.filter.UserPermissionFilter - 进入用户权限过滤器
2026-07-02 10:15:09.938 [http-nio-8090-exec-7] INFO  c.F.filter.UserPermissionFilter - 进入用户权限过滤器
2026-07-02 10:15:09.939 [http-nio-8090-exec-7] INFO  c.F.filter.UserPermissionFilter - 用户token验证通过，用户ID: 1
2026-07-02 10:15:09.939 [http-nio-8090-exec-7] INFO  com.Fanggaozhiai.context.Context - 设置用户id: 1
2026-07-02 10:15:09.940 [http-nio-8090-exec-7] INFO  c.F.controller.shop.ShopController - 查询自身商铺信息
2026-07-02 10:15:09.940 [http-nio-8090-exec-7] INFO  com.Fanggaozhiai.context.Context - 获取用户id: 1
2026-07-02 10:15:35.169 [http-nio-8090-exec-10] INFO  c.F.filter.UserPermissionFilter - 进入用户权限过滤器
2026-07-02 10:15:35.174 [http-nio-8090-exec-1] INFO  c.F.filter.UserPermissionFilter - 进入用户权限过滤器
2026-07-02 10:15:35.176 [http-nio-8090-exec-1] INFO  c.F.filter.UserPermissionFilter - 用户token验证通过，用户ID: 1
2026-07-02 10:15:35.176 [http-nio-8090-exec-1] INFO  com.Fanggaozhiai.context.Context - 设置用户id: 1
2026-07-02 10:15:35.180 [http-nio-8090-exec-1] INFO  c.F.controller.shop.ShopController - 注册
2026-07-02 10:15:35.180 [http-nio-8090-exec-1] INFO  com.Fanggaozhiai.context.Context - 获取用户id: 1
2026-07-02 10:15:35.180 [http-nio-8090-exec-1] INFO  c.F.service.iml.ShopServiceIml - 用户id :1
2026-07-02 10:15:35.194 [http-nio-8090-exec-2] INFO  c.F.filter.UserPermissionFilter - 进入用户权限过滤器
2026-07-02 10:15:35.195 [http-nio-8090-exec-2] INFO  c.F.filter.UserPermissionFilter - 用户token验证通过，用户ID: 1
2026-07-02 10:15:35.195 [http-nio-8090-exec-2] INFO  com.Fanggaozhiai.context.Context - 设置用户id: 1
2026-07-02 10:15:35.195 [http-nio-8090-exec-2] INFO  c.F.controller.shop.ShopController - 查询自身商铺信息
2026-07-02 10:15:35.195 [http-nio-8090-exec-2] INFO  com.Fanggaozhiai.context.Context - 获取用户id: 1
2026-07-02 10:15:37.372 [http-nio-8090-exec-3] INFO  c.F.filter.UserPermissionFilter - 进入用户权限过滤器
2026-07-02 10:15:37.372 [http-nio-8090-exec-3] INFO  c.F.filter.UserPermissionFilter - 用户token验证通过，用户ID: 1
2026-07-02 10:15:37.372 [http-nio-8090-exec-3] INFO  com.Fanggaozhiai.context.Context - 设置用户id: 1
2026-07-02 10:15:37.374 [http-nio-8090-exec-3] INFO  c.F.controller.shop.ShopController - 查询自身商铺信息
2026-07-02 10:15:37.374 [http-nio-8090-exec-4] INFO  c.F.filter.UserPermissionFilter - 进入用户权限过滤器
2026-07-02 10:15:37.374 [http-nio-8090-exec-3] INFO  com.Fanggaozhiai.context.Context - 获取用户id: 1
2026-07-02 10:15:37.378 [http-nio-8090-exec-5] INFO  c.F.filter.UserPermissionFilter - 进入用户权限过滤器
2026-07-02 10:15:37.379 [http-nio-8090-exec-5] INFO  c.F.filter.UserPermissionFilter - 用户token验证通过，用户ID: 1
2026-07-02 10:15:37.379 [http-nio-8090-exec-5] INFO  com.Fanggaozhiai.context.Context - 设置用户id: 1
2026-07-02 10:15:37.380 [http-nio-8090-exec-5] INFO  c.F.c.product.ProductController - 查询商铺商品列表，商铺ID: 2
2026-07-02 10:16:17.224 [http-nio-8090-exec-8] INFO  c.F.filter.UserPermissionFilter - 进入用户权限过滤器
2026-07-02 10:16:17.228 [http-nio-8090-exec-6] INFO  c.F.filter.UserPermissionFilter - 进入用户权限过滤器
2026-07-02 10:16:17.230 [http-nio-8090-exec-6] INFO  c.F.filter.UserPermissionFilter - 用户token验证通过，用户ID: 1
2026-07-02 10:16:17.230 [http-nio-8090-exec-6] INFO  com.Fanggaozhiai.context.Context - 设置用户id: 1
2026-07-02 10:16:17.252 [http-nio-8090-exec-6] INFO  c.F.c.product.ProductController - 收到图片上传请求，文件名: Cache_-417a781ff76d263c.jpg
2026-07-02 10:16:18.590 [http-nio-8090-exec-6] INFO  c.F.c.product.ProductController - 图片上传成功，访问URL: https://community--shop.oss-cn-beijing.aliyuncs.com/2026/07/02/3091a2fa-cf26-419a-b70a-409c11292bf9.jpg
2026-07-02 10:16:26.261 [http-nio-8090-exec-9] INFO  c.F.filter.UserPermissionFilter - 进入用户权限过滤器
2026-07-02 10:16:26.264 [http-nio-8090-exec-7] INFO  c.F.filter.UserPermissionFilter - 进入用户权限过滤器
2026-07-02 10:16:26.265 [http-nio-8090-exec-7] INFO  c.F.filter.UserPermissionFilter - 用户token验证通过，用户ID: 1
2026-07-02 10:16:26.265 [http-nio-8090-exec-7] INFO  com.Fanggaozhiai.context.Context - 设置用户id: 1
2026-07-02 10:16:26.273 [http-nio-8090-exec-7] INFO  c.F.c.product.ProductController - 收到添加商品请求，目标商铺ID: 2, 商品名称: 源石
2026-07-02 10:16:26.273 [http-nio-8090-exec-7] INFO  com.Fanggaozhiai.context.Context - 获取用户id: 1
2026-07-02 10:16:26.273 [http-nio-8090-exec-7] INFO  c.F.service.iml.ProductServiceIml - 当前登录用户ID: 1, 尝试添加商品到商铺ID: 2
2026-07-02 10:16:26.274 [http-nio-8090-exec-7] INFO  c.F.service.iml.ProductServiceIml - 商铺ID: 2 的持有者为用户ID: 1
2026-07-02 10:16:26.274 [http-nio-8090-exec-7] INFO  c.F.service.iml.ProductServiceIml - 权限校验通过，用户ID 1 正在向商铺ID 2 添加商品
2026-07-02 10:16:26.281 [http-nio-8090-exec-7] INFO  c.F.service.iml.ProductServiceIml - 商品添加成功
2026-07-02 10:16:26.281 [http-nio-8090-exec-7] INFO  c.F.c.product.ProductController - 商品添加请求处理完成
2026-07-02 10:16:26.289 [http-nio-8090-exec-10] INFO  c.F.filter.UserPermissionFilter - 进入用户权限过滤器
2026-07-02 10:16:26.290 [http-nio-8090-exec-10] INFO  c.F.filter.UserPermissionFilter - 用户token验证通过，用户ID: 1
2026-07-02 10:16:26.290 [http-nio-8090-exec-10] INFO  com.Fanggaozhiai.context.Context - 设置用户id: 1
2026-07-02 10:16:26.290 [http-nio-8090-exec-10] INFO  c.F.c.product.ProductController - 查询商铺商品列表，商铺ID: 2
2026-07-02 10:16:29.974 [http-nio-8090-exec-2] INFO  c.F.filter.UserPermissionFilter - 进入用户权限过滤器
2026-07-02 10:16:29.974 [http-nio-8090-exec-2] INFO  c.F.filter.UserPermissionFilter - 用户token验证通过，用户ID: 1
2026-07-02 10:16:29.974 [http-nio-8090-exec-2] INFO  com.Fanggaozhiai.context.Context - 设置用户id: 1
2026-07-02 10:16:29.975 [http-nio-8090-exec-2] INFO  c.F.controller.shop.ShopController - 查询自身商铺信息
2026-07-02 10:16:29.975 [http-nio-8090-exec-2] INFO  com.Fanggaozhiai.context.Context - 获取用户id: 1
2026-07-02 10:16:31.334 [http-nio-8090-exec-4] INFO  c.F.filter.UserPermissionFilter - 进入用户权限过滤器
2026-07-02 10:16:31.335 [http-nio-8090-exec-4] INFO  c.F.filter.UserPermissionFilter - 用户token验证通过，用户ID: 1
2026-07-02 10:16:31.335 [http-nio-8090-exec-4] INFO  com.Fanggaozhiai.context.Context - 设置用户id: 1
2026-07-02 10:16:31.335 [http-nio-8090-exec-4] INFO  com.Fanggaozhiai.context.Context - 获取用户id: 1
2026-07-02 10:16:31.335 [http-nio-8090-exec-4] INFO  c.F.controller.user.UserController - 获取当前用户信息: id=1
2026-07-02 10:16:31.768 [http-nio-8090-exec-3] INFO  c.F.filter.UserPermissionFilter - 进入用户权限过滤器
2026-07-02 10:16:31.768 [http-nio-8090-exec-3] INFO  c.F.filter.UserPermissionFilter - 用户token验证通过，用户ID: 1
2026-07-02 10:16:31.770 [http-nio-8090-exec-3] INFO  com.Fanggaozhiai.context.Context - 设置用户id: 1
2026-07-02 10:16:31.770 [http-nio-8090-exec-3] INFO  c.F.controller.shop.ShopController - 查询自身商铺信息
2026-07-02 10:16:31.770 [http-nio-8090-exec-3] INFO  com.Fanggaozhiai.context.Context - 获取用户id: 1
2026-07-02 10:16:33.169 [http-nio-8090-exec-5] INFO  c.F.filter.UserPermissionFilter - 进入用户权限过滤器
2026-07-02 10:16:33.169 [http-nio-8090-exec-8] INFO  c.F.filter.UserPermissionFilter - 进入用户权限过滤器
2026-07-02 10:16:33.170 [http-nio-8090-exec-5] INFO  c.F.filter.UserPermissionFilter - 用户token验证通过，用户ID: 1
2026-07-02 10:16:33.170 [http-nio-8090-exec-5] INFO  com.Fanggaozhiai.context.Context - 设置用户id: 1
2026-07-02 10:16:33.170 [http-nio-8090-exec-5] INFO  c.F.controller.shop.ShopController - 查询自身商铺信息
2026-07-02 10:16:33.170 [http-nio-8090-exec-5] INFO  com.Fanggaozhiai.context.Context - 获取用户id: 1
2026-07-02 10:16:33.173 [http-nio-8090-exec-6] INFO  c.F.filter.UserPermissionFilter - 进入用户权限过滤器
2026-07-02 10:16:33.174 [http-nio-8090-exec-6] INFO  c.F.filter.UserPermissionFilter - 用户token验证通过，用户ID: 1
2026-07-02 10:16:33.174 [http-nio-8090-exec-6] INFO  com.Fanggaozhiai.context.Context - 设置用户id: 1
2026-07-02 10:16:33.174 [http-nio-8090-exec-6] INFO  c.F.c.product.ProductController - 查询商铺商品列表，商铺ID: 1
2026-07-02 10:16:34.417 [http-nio-8090-exec-9] INFO  c.F.filter.UserPermissionFilter - 进入用户权限过滤器
2026-07-02 10:16:34.420 [http-nio-8090-exec-7] INFO  c.F.filter.UserPermissionFilter - 进入用户权限过滤器
2026-07-02 10:16:34.421 [http-nio-8090-exec-7] INFO  c.F.filter.UserPermissionFilter - 用户token验证通过，用户ID: 1
2026-07-02 10:16:34.421 [http-nio-8090-exec-7] INFO  com.Fanggaozhiai.context.Context - 设置用户id: 1
2026-07-02 10:16:34.427 [http-nio-8090-exec-7] INFO  c.F.c.product.ProductController - 收到修改商品状态请求，商品ID: 2, 目标状态: 1
2026-07-02 10:16:34.427 [http-nio-8090-exec-7] INFO  com.Fanggaozhiai.context.Context - 获取用户id: 1
2026-07-02 10:16:34.427 [http-nio-8090-exec-7] INFO  c.F.service.iml.ProductServiceIml - 当前登录用户ID: 1, 修改商品ID: 2 的状态为: 1
2026-07-02 10:16:34.433 [http-nio-8090-exec-7] INFO  c.F.service.iml.ProductServiceIml - 商品状态修改成功，商品ID: 2, 新状态: 无货
2026-07-02 10:16:34.433 [http-nio-8090-exec-7] INFO  c.F.c.product.ProductController - 商品状态修改请求处理完成
2026-07-02 10:16:34.439 [http-nio-8090-exec-10] INFO  c.F.filter.UserPermissionFilter - 进入用户权限过滤器
2026-07-02 10:16:34.440 [http-nio-8090-exec-10] INFO  c.F.filter.UserPermissionFilter - 用户token验证通过，用户ID: 1
2026-07-02 10:16:34.440 [http-nio-8090-exec-10] INFO  com.Fanggaozhiai.context.Context - 设置用户id: 1
2026-07-02 10:16:34.440 [http-nio-8090-exec-10] INFO  c.F.c.product.ProductController - 查询商铺商品列表，商铺ID: 1
2026-07-02 10:47:22.645 [SpringApplicationShutdownHook] INFO  com.zaxxer.hikari.HikariDataSource - HikariPool-1 - Shutdown initiated...
2026-07-02 10:47:22.647 [SpringApplicationShutdownHook] INFO  com.zaxxer.hikari.HikariDataSource - HikariPool-1 - Shutdown completed.
2026-07-02 10:47:22.650 [SpringApplicationShutdownHook] INFO  c.F.filter.UserPermissionFilter - 销毁用户权限过滤器
2026-07-02 10:47:22.650 [SpringApplicationShutdownHook] INFO  c.F.filter.EmployeePermissionFilter - 销毁员工权限过滤器
2026-07-02 15:24:13.267 [main] INFO  com.Fanggaozhiai.ShopApplication - Starting ShopApplication using Java 25 with PID 26308 (E:\vibe\community-shop\community-shop-server\target\classes started by 23561 in E:\vibe\community-shop)
2026-07-02 15:24:13.268 [main] INFO  com.Fanggaozhiai.ShopApplication - No active profile set, falling back to 1 default profile: "default"
2026-07-02 15:24:13.455 [background-preinit] INFO  o.h.validator.internal.util.Version - HV000001: Hibernate Validator 9.0.1.Final
2026-07-02 15:24:14.465 [main] INFO  o.a.coyote.http11.Http11NioProtocol - Initializing ProtocolHandler ["http-nio-8090"]
2026-07-02 15:24:14.467 [main] INFO  o.a.catalina.core.StandardService - Starting service [Tomcat]
2026-07-02 15:24:14.467 [main] INFO  o.a.catalina.core.StandardEngine - Starting Servlet engine: [Apache Tomcat/11.0.21]
2026-07-02 15:24:14.723 [main] INFO  c.F.filter.UserPermissionFilter - 初始化用户权限过滤器
2026-07-02 15:24:14.724 [main] INFO  c.F.filter.EmployeePermissionFilter - 初始化员工权限过滤器
2026-07-02 15:24:15.016 [main] INFO  com.Fanggaozhiai.config.RedisConfig - 创建redis模板对象
2026-07-02 15:24:15.186 [main] INFO  com.Fanggaozhiai.utils.JwtUtil - JwtUtil初始化完成, userSecret=已加载, expire=3600000
2026-07-02 15:24:15.520 [main] INFO  o.a.coyote.http11.Http11NioProtocol - Starting ProtocolHandler ["http-nio-8090"]
2026-07-02 15:24:15.543 [main] INFO  com.Fanggaozhiai.ShopApplication - Started ShopApplication in 2.686 seconds (process running for 4.093)
2026-07-02 15:24:42.483 [http-nio-8090-exec-1] INFO  o.a.c.c.C.[Tomcat].[localhost].[/] - Initializing Spring DispatcherServlet 'dispatcherServlet'
2026-07-02 15:24:42.698 [http-nio-8090-exec-2] INFO  com.zaxxer.hikari.HikariDataSource - HikariPool-1 - Starting...
2026-07-02 15:24:42.859 [http-nio-8090-exec-2] INFO  com.zaxxer.hikari.pool.HikariPool - HikariPool-1 - Added connection com.mysql.cj.jdbc.ConnectionImpl@173f67cf
2026-07-02 15:24:42.860 [http-nio-8090-exec-2] INFO  com.zaxxer.hikari.HikariDataSource - HikariPool-1 - Start completed.
2026-07-02 15:24:53.920 [http-nio-8090-exec-5] INFO  c.F.filter.UserPermissionFilter - 进入用户权限过滤器
2026-07-02 15:24:53.927 [http-nio-8090-exec-4] INFO  c.F.filter.UserPermissionFilter - 进入用户权限过滤器
2026-07-02 15:24:53.931 [http-nio-8090-exec-4] INFO  c.F.c.user.UserPublicController - 用户登录: UserLogin(username=fanggao, password=123456)
2026-07-02 15:24:54.175 [http-nio-8090-exec-4] INFO  c.F.c.user.UserPublicController - 登录成功: LoginReturn(id=1, username=fanggao, token=eyJhbGciOiJIUzI1NiJ9.eyJpZCI6MSwidXNlcm5hbWUiOiJmYW5nZ2FvIiwiZXhwIjoxNzgyOTgwNjk0fQ.WqBvQvBn29lgER1CIBhisTP7M1FmAe1eVNG2KlSbBaQ, job=null)
2026-07-02 15:25:11.322 [http-nio-8090-exec-7] INFO  c.F.c.shop.ShopPublicController - 查询商铺信息
2026-07-02 15:25:12.280 [http-nio-8090-exec-8] INFO  c.F.c.shop.ShopPublicController - 查询商铺信息
2026-07-02 15:25:14.111 [http-nio-8090-exec-10] INFO  c.F.filter.UserPermissionFilter - 进入用户权限过滤器
2026-07-02 15:25:14.116 [http-nio-8090-exec-9] INFO  c.F.filter.UserPermissionFilter - 进入用户权限过滤器
2026-07-02 15:25:14.164 [http-nio-8090-exec-9] INFO  c.F.filter.UserPermissionFilter - 用户token验证通过，用户ID: 1
2026-07-02 15:25:14.166 [http-nio-8090-exec-9] INFO  com.Fanggaozhiai.context.Context - 设置用户id: 1
2026-07-02 15:25:14.167 [http-nio-8090-exec-9] INFO  c.F.controller.order.OrderController - 查询自己的订单
2026-07-02 15:25:14.167 [http-nio-8090-exec-9] INFO  com.Fanggaozhiai.context.Context - 获取用户id: 1
2026-07-02 15:25:38.720 [http-nio-8090-exec-2] INFO  c.F.filter.UserPermissionFilter - 进入用户权限过滤器
2026-07-02 15:25:38.726 [http-nio-8090-exec-5] INFO  c.F.filter.UserPermissionFilter - 进入用户权限过滤器
2026-07-02 15:25:38.727 [http-nio-8090-exec-5] INFO  c.F.filter.UserPermissionFilter - 用户token验证通过，用户ID: 1
2026-07-02 15:25:38.727 [http-nio-8090-exec-5] INFO  com.Fanggaozhiai.context.Context - 设置用户id: 1
2026-07-02 15:25:38.737 [http-nio-8090-exec-5] INFO  com.Fanggaozhiai.context.Context - 获取用户id: 1
2026-07-02 15:25:38.792 [http-nio-8090-exec-4] INFO  c.F.filter.UserPermissionFilter - 进入用户权限过滤器
2026-07-02 15:25:38.792 [http-nio-8090-exec-4] INFO  c.F.filter.UserPermissionFilter - 用户token验证通过，用户ID: 1
2026-07-02 15:25:38.792 [http-nio-8090-exec-4] INFO  com.Fanggaozhiai.context.Context - 设置用户id: 1
2026-07-02 15:25:38.793 [http-nio-8090-exec-4] INFO  c.F.controller.order.OrderController - 查询自己的订单
2026-07-02 15:25:38.793 [http-nio-8090-exec-4] INFO  com.Fanggaozhiai.context.Context - 获取用户id: 1
2026-07-02 15:25:51.774 [http-nio-8090-exec-3] INFO  c.F.filter.EmployeePermissionFilter - 进入员工权限过滤器
2026-07-02 15:25:51.779 [http-nio-8090-exec-6] INFO  c.F.filter.EmployeePermissionFilter - 进入员工权限过滤器
2026-07-02 15:25:51.782 [http-nio-8090-exec-6] ERROR c.F.filter.EmployeePermissionFilter - 员工权限校验失败
io.jsonwebtoken.ExpiredJwtException: JWT expired 15100780 milliseconds ago at 2026-07-02T03:14:11.000Z. Current time: 2026-07-02T07:25:51.780Z. Allowed clock skew: 0 milliseconds.
	at io.jsonwebtoken.impl.DefaultJwtParser.parse(DefaultJwtParser.java:688)
	at io.jsonwebtoken.impl.DefaultJwtParser.parse(DefaultJwtParser.java:364)
	at io.jsonwebtoken.impl.DefaultJwtParser.parse(DefaultJwtParser.java:94)
	at io.jsonwebtoken.impl.io.AbstractParser.parse(AbstractParser.java:36)
	at io.jsonwebtoken.impl.io.AbstractParser.parse(AbstractParser.java:29)
	at io.jsonwebtoken.impl.DefaultJwtParser.parseSignedClaims(DefaultJwtParser.java:827)
	at com.Fanggaozhiai.utils.JwtUtil.parseTokenEmp(JwtUtil.java:64)
	at com.Fanggaozhiai.filter.EmployeePermissionFilter.doFilter(EmployeePermissionFilter.java:73)
	at org.apache.catalina.core.ApplicationFilterChain.doFilter(ApplicationFilterChain.java:107)
	at org.springframework.web.filter.RequestContextFilter.doFilterInternal(RequestContextFilter.java:100)
	at org.springframework.web.filter.OncePerRequestFilter.doFilter(OncePerRequestFilter.java:116)
	at org.apache.catalina.core.ApplicationFilterChain.doFilter(ApplicationFilterChain.java:107)
	at org.springframework.web.filter.FormContentFilter.doFilterInternal(FormContentFilter.java:93)
	at org.springframework.web.filter.OncePerRequestFilter.doFilter(OncePerRequestFilter.java:116)
	at org.apache.catalina.core.ApplicationFilterChain.doFilter(ApplicationFilterChain.java:107)
	at org.springframework.web.filter.CharacterEncodingFilter.doFilterInternal(CharacterEncodingFilter.java:199)
	at org.springframework.web.filter.OncePerRequestFilter.doFilter(OncePerRequestFilter.java:116)
	at org.apache.catalina.core.ApplicationFilterChain.doFilter(ApplicationFilterChain.java:107)
	at org.apache.catalina.core.StandardWrapperValve.invoke(StandardWrapperValve.java:165)
	at org.apache.catalina.core.StandardContextValve.invoke(StandardContextValve.java:77)
	at org.apache.catalina.authenticator.AuthenticatorBase.invoke(AuthenticatorBase.java:492)
	at org.apache.catalina.core.StandardHostValve.invoke(StandardHostValve.java:113)
	at org.apache.catalina.valves.ErrorReportValve.invoke(ErrorReportValve.java:83)
	at org.apache.catalina.core.StandardEngineValve.invoke(StandardEngineValve.java:72)
	at org.apache.catalina.connector.CoyoteAdapter.service(CoyoteAdapter.java:341)
	at org.apache.coyote.http11.Http11Processor.service(Http11Processor.java:397)
	at org.apache.coyote.AbstractProcessorLight.process(AbstractProcessorLight.java:63)
	at org.apache.coyote.AbstractProtocol$ConnectionHandler.process(AbstractProtocol.java:903)
	at org.apache.tomcat.util.net.NioEndpoint$SocketProcessor.doRun(NioEndpoint.java:1801)
	at org.apache.tomcat.util.net.SocketProcessorBase.run(SocketProcessorBase.java:52)
	at org.apache.tomcat.util.threads.ThreadPoolExecutor.runWorker(ThreadPoolExecutor.java:946)
	at org.apache.tomcat.util.threads.ThreadPoolExecutor$Worker.run(ThreadPoolExecutor.java:480)
	at org.apache.tomcat.util.threads.TaskThread$WrappingRunnable.run(TaskThread.java:57)
	at java.base/java.lang.Thread.run(Thread.java:1474)
2026-07-02 15:26:34.208 [http-nio-8090-exec-8] INFO  c.F.c.e.EmployeePublicController - 员工登录: EmployeeLogin(username=dog, password=123456)
2026-07-02 15:26:34.223 [http-nio-8090-exec-8] INFO  c.F.c.e.EmployeePublicController - 登录成功: LoginReturn(id=2, username=dog, token=eyJhbGciOiJIUzI1NiJ9.eyJpZCI6MiwidXNlcm5hbWUiOiJkb2ciLCJleHAiOjE3ODI5ODA3OTR9.ywd00-YPnqFBbb8A7mruFLXKgGmmhaS__0dLQM7ox2w, job=1)
2026-07-02 15:26:34.260 [http-nio-8090-exec-10] INFO  c.F.filter.EmployeePermissionFilter - 进入员工权限过滤器
2026-07-02 15:26:34.263 [http-nio-8090-exec-10] INFO  com.Fanggaozhiai.context.Context - 设置用户id: 2
2026-07-02 15:26:34.264 [http-nio-8090-exec-10] INFO  c.F.c.delivery.DeliveryEmpController - 获得空闲订单列表
2026-07-02 15:26:42.070 [http-nio-8090-exec-9] INFO  c.F.filter.EmployeePermissionFilter - 进入员工权限过滤器
2026-07-02 15:26:42.073 [http-nio-8090-exec-1] INFO  c.F.filter.EmployeePermissionFilter - 进入员工权限过滤器
2026-07-02 15:26:42.075 [http-nio-8090-exec-1] INFO  com.Fanggaozhiai.context.Context - 设置用户id: 2
2026-07-02 15:26:42.087 [http-nio-8090-exec-1] INFO  c.F.c.delivery.DeliveryEmpController - 接单id:14 备注：
2026-07-02 15:26:42.089 [http-nio-8090-exec-1] INFO  com.Fanggaozhiai.context.Context - 获取用户id: 2
2026-07-02 15:26:42.472 [http-nio-8090-exec-1] WARN  c.F.c.delivery.DeliveryEmpController - 接单失败: Unable to connect to Redis
2026-07-02 15:27:59.057 [http-nio-8090-exec-5] INFO  c.F.filter.EmployeePermissionFilter - 进入员工权限过滤器
2026-07-02 15:27:59.061 [http-nio-8090-exec-4] INFO  c.F.filter.EmployeePermissionFilter - 进入员工权限过滤器
2026-07-02 15:27:59.064 [http-nio-8090-exec-4] INFO  com.Fanggaozhiai.context.Context - 设置用户id: 2
2026-07-02 15:27:59.065 [http-nio-8090-exec-4] INFO  c.F.c.delivery.DeliveryEmpController - 接单id:14 备注：111
2026-07-02 15:27:59.067 [http-nio-8090-exec-4] INFO  com.Fanggaozhiai.context.Context - 获取用户id: 2
2026-07-02 15:27:59.090 [http-nio-8090-exec-4] WARN  c.F.c.delivery.DeliveryEmpController - 接单失败: Unable to connect to Redis
2026-07-02 15:28:00.273 [http-nio-8090-exec-3] INFO  c.F.filter.EmployeePermissionFilter - 进入员工权限过滤器
2026-07-02 15:28:00.275 [http-nio-8090-exec-3] INFO  com.Fanggaozhiai.context.Context - 设置用户id: 2
2026-07-02 15:28:00.277 [http-nio-8090-exec-3] INFO  c.F.c.delivery.DeliveryEmpController - 接单id:14 备注：111
2026-07-02 15:28:00.278 [http-nio-8090-exec-3] INFO  com.Fanggaozhiai.context.Context - 获取用户id: 2
2026-07-02 15:28:00.288 [http-nio-8090-exec-3] WARN  c.F.c.delivery.DeliveryEmpController - 接单失败: Unable to connect to Redis
2026-07-02 15:28:00.724 [http-nio-8090-exec-6] INFO  c.F.filter.EmployeePermissionFilter - 进入员工权限过滤器
2026-07-02 15:28:00.727 [http-nio-8090-exec-6] INFO  com.Fanggaozhiai.context.Context - 设置用户id: 2
2026-07-02 15:28:00.728 [http-nio-8090-exec-6] INFO  c.F.c.delivery.DeliveryEmpController - 接单id:14 备注：111
2026-07-02 15:28:00.729 [http-nio-8090-exec-6] INFO  com.Fanggaozhiai.context.Context - 获取用户id: 2
2026-07-02 15:28:00.737 [http-nio-8090-exec-6] WARN  c.F.c.delivery.DeliveryEmpController - 接单失败: Unable to connect to Redis
2026-07-02 15:28:12.142 [http-nio-8090-exec-7] INFO  c.F.c.e.EmployeePublicController - 员工登录: EmployeeLogin(username=dog, password=123456)
2026-07-02 15:28:12.145 [http-nio-8090-exec-7] INFO  c.F.c.e.EmployeePublicController - 登录成功: LoginReturn(id=2, username=dog, token=eyJhbGciOiJIUzI1NiJ9.eyJpZCI6MiwidXNlcm5hbWUiOiJkb2ciLCJleHAiOjE3ODI5ODA4OTJ9.P0mWMSdUA1eQljDClqsg0J0hbWiP0VvWNQRX_r8jSCg, job=1)
2026-07-02 15:28:12.183 [http-nio-8090-exec-8] INFO  c.F.filter.EmployeePermissionFilter - 进入员工权限过滤器
2026-07-02 15:28:12.186 [http-nio-8090-exec-8] INFO  com.Fanggaozhiai.context.Context - 设置用户id: 2
2026-07-02 15:28:12.187 [http-nio-8090-exec-8] INFO  c.F.c.delivery.DeliveryEmpController - 获得空闲订单列表
2026-07-02 15:28:13.933 [http-nio-8090-exec-10] INFO  c.F.filter.EmployeePermissionFilter - 进入员工权限过滤器
2026-07-02 15:28:13.938 [http-nio-8090-exec-10] INFO  com.Fanggaozhiai.context.Context - 设置用户id: 2
2026-07-02 15:28:13.939 [http-nio-8090-exec-10] INFO  c.F.c.delivery.DeliveryEmpController - 接单id:14 备注：
2026-07-02 15:28:13.940 [http-nio-8090-exec-10] INFO  com.Fanggaozhiai.context.Context - 获取用户id: 2
2026-07-02 15:28:13.948 [http-nio-8090-exec-10] WARN  c.F.c.delivery.DeliveryEmpController - 接单失败: Unable to connect to Redis
2026-07-02 15:29:25.912 [SpringApplicationShutdownHook] INFO  com.zaxxer.hikari.HikariDataSource - HikariPool-1 - Shutdown initiated...
2026-07-02 15:29:25.917 [SpringApplicationShutdownHook] INFO  com.zaxxer.hikari.HikariDataSource - HikariPool-1 - Shutdown completed.
2026-07-02 15:29:25.917 [SpringApplicationShutdownHook] INFO  c.F.filter.UserPermissionFilter - 销毁用户权限过滤器
2026-07-02 15:29:25.917 [SpringApplicationShutdownHook] INFO  c.F.filter.EmployeePermissionFilter - 销毁员工权限过滤器
2026-07-02 15:29:39.258 [main] INFO  com.Fanggaozhiai.ShopApplication - Starting ShopApplication using Java 25 with PID 28060 (E:\vibe\community-shop\community-shop-server\target\classes started by 23561 in E:\vibe\community-shop)
2026-07-02 15:29:39.260 [main] INFO  com.Fanggaozhiai.ShopApplication - No active profile set, falling back to 1 default profile: "default"
2026-07-02 15:29:39.388 [background-preinit] INFO  o.h.validator.internal.util.Version - HV000001: Hibernate Validator 9.0.1.Final
2026-07-02 15:29:40.187 [main] INFO  o.a.coyote.http11.Http11NioProtocol - Initializing ProtocolHandler ["http-nio-8090"]
2026-07-02 15:29:40.189 [main] INFO  o.a.catalina.core.StandardService - Starting service [Tomcat]
2026-07-02 15:29:40.189 [main] INFO  o.a.catalina.core.StandardEngine - Starting Servlet engine: [Apache Tomcat/11.0.21]
2026-07-02 15:29:40.379 [main] INFO  c.F.filter.UserPermissionFilter - 初始化用户权限过滤器
2026-07-02 15:29:40.381 [main] INFO  c.F.filter.EmployeePermissionFilter - 初始化员工权限过滤器
2026-07-02 15:29:40.568 [main] INFO  com.Fanggaozhiai.config.RedisConfig - 创建redis模板对象
2026-07-02 15:29:40.717 [main] INFO  com.Fanggaozhiai.utils.JwtUtil - JwtUtil初始化完成, userSecret=已加载, expire=3600000
2026-07-02 15:29:41.001 [main] INFO  o.a.coyote.http11.Http11NioProtocol - Starting ProtocolHandler ["http-nio-8090"]
2026-07-02 15:29:41.026 [main] INFO  com.Fanggaozhiai.ShopApplication - Started ShopApplication in 2.085 seconds (process running for 2.637)
2026-07-02 15:29:55.301 [http-nio-8090-exec-1] INFO  o.a.c.c.C.[Tomcat].[localhost].[/] - Initializing Spring DispatcherServlet 'dispatcherServlet'
2026-07-02 15:29:55.388 [http-nio-8090-exec-1] INFO  c.F.c.e.EmployeePublicController - 员工登录: EmployeeLogin(username=dog, password=123456)
2026-07-02 15:29:55.405 [http-nio-8090-exec-1] INFO  com.zaxxer.hikari.HikariDataSource - HikariPool-1 - Starting...
2026-07-02 15:29:55.555 [http-nio-8090-exec-1] INFO  com.zaxxer.hikari.pool.HikariPool - HikariPool-1 - Added connection com.mysql.cj.jdbc.ConnectionImpl@619fcac4
2026-07-02 15:29:55.557 [http-nio-8090-exec-1] INFO  com.zaxxer.hikari.HikariDataSource - HikariPool-1 - Start completed.
2026-07-02 15:29:55.768 [http-nio-8090-exec-1] INFO  c.F.c.e.EmployeePublicController - 登录成功: LoginReturn(id=2, username=dog, token=eyJhbGciOiJIUzI1NiJ9.eyJpZCI6MiwidXNlcm5hbWUiOiJkb2ciLCJleHAiOjE3ODI5ODA5OTV9.f8wBxGTgockNf0IJlmZJI-ahphDm3mLLs3AfX3hZ_iI, job=1)
2026-07-02 15:29:55.835 [http-nio-8090-exec-2] INFO  c.F.filter.EmployeePermissionFilter - 进入员工权限过滤器
2026-07-02 15:29:55.883 [http-nio-8090-exec-2] INFO  com.Fanggaozhiai.context.Context - 设置用户id: 2
2026-07-02 15:29:55.884 [http-nio-8090-exec-2] INFO  c.F.c.delivery.DeliveryEmpController - 获得空闲订单列表
2026-07-02 15:29:58.920 [http-nio-8090-exec-3] INFO  c.F.filter.EmployeePermissionFilter - 进入员工权限过滤器
2026-07-02 15:29:58.931 [http-nio-8090-exec-10] INFO  c.F.filter.EmployeePermissionFilter - 进入员工权限过滤器
2026-07-02 15:29:58.936 [http-nio-8090-exec-10] INFO  com.Fanggaozhiai.context.Context - 设置用户id: 2
2026-07-02 15:29:58.945 [http-nio-8090-exec-10] INFO  c.F.c.delivery.DeliveryEmpController - 接单id:14 备注：2
2026-07-02 15:29:58.953 [http-nio-8090-exec-10] INFO  com.Fanggaozhiai.context.Context - 获取用户id: 2
2026-07-02 15:29:59.267 [http-nio-8090-exec-10] WARN  c.F.c.delivery.DeliveryEmpController - 接单失败: Unable to connect to Redis
2026-07-02 15:30:50.388 [SpringApplicationShutdownHook] INFO  com.zaxxer.hikari.HikariDataSource - HikariPool-1 - Shutdown initiated...
2026-07-02 15:30:50.392 [SpringApplicationShutdownHook] INFO  com.zaxxer.hikari.HikariDataSource - HikariPool-1 - Shutdown completed.
2026-07-02 15:30:50.392 [SpringApplicationShutdownHook] INFO  c.F.filter.UserPermissionFilter - 销毁用户权限过滤器
2026-07-02 15:30:50.392 [SpringApplicationShutdownHook] INFO  c.F.filter.EmployeePermissionFilter - 销毁员工权限过滤器
2026-07-02 15:30:55.832 [main] INFO  com.Fanggaozhiai.ShopApplication - Starting ShopApplication using Java 25 with PID 13456 (E:\vibe\community-shop\community-shop-server\target\classes started by 23561 in E:\vibe\community-shop)
2026-07-02 15:30:55.834 [main] INFO  com.Fanggaozhiai.ShopApplication - No active profile set, falling back to 1 default profile: "default"
2026-07-02 15:30:55.959 [background-preinit] INFO  o.h.validator.internal.util.Version - HV000001: Hibernate Validator 9.0.1.Final
2026-07-02 15:30:56.807 [main] INFO  o.a.coyote.http11.Http11NioProtocol - Initializing ProtocolHandler ["http-nio-8090"]
2026-07-02 15:30:56.809 [main] INFO  o.a.catalina.core.StandardService - Starting service [Tomcat]
2026-07-02 15:30:56.810 [main] INFO  o.a.catalina.core.StandardEngine - Starting Servlet engine: [Apache Tomcat/11.0.21]
2026-07-02 15:30:57.004 [main] INFO  c.F.filter.UserPermissionFilter - 初始化用户权限过滤器
2026-07-02 15:30:57.004 [main] INFO  c.F.filter.EmployeePermissionFilter - 初始化员工权限过滤器
2026-07-02 15:30:57.189 [main] INFO  com.Fanggaozhiai.config.RedisConfig - 创建redis模板对象
2026-07-02 15:30:57.337 [main] INFO  com.Fanggaozhiai.utils.JwtUtil - JwtUtil初始化完成, userSecret=已加载, expire=3600000
2026-07-02 15:30:57.610 [main] INFO  o.a.coyote.http11.Http11NioProtocol - Starting ProtocolHandler ["http-nio-8090"]
2026-07-02 15:30:57.634 [main] INFO  com.Fanggaozhiai.ShopApplication - Started ShopApplication in 2.114 seconds (process running for 2.696)
2026-07-02 15:31:13.780 [http-nio-8090-exec-1] INFO  o.a.c.c.C.[Tomcat].[localhost].[/] - Initializing Spring DispatcherServlet 'dispatcherServlet'
2026-07-02 15:31:13.868 [http-nio-8090-exec-1] INFO  c.F.c.e.EmployeePublicController - 员工登录: EmployeeLogin(username=dog, password=123456)
2026-07-02 15:31:13.884 [http-nio-8090-exec-1] INFO  com.zaxxer.hikari.HikariDataSource - HikariPool-1 - Starting...
2026-07-02 15:31:14.048 [http-nio-8090-exec-1] INFO  com.zaxxer.hikari.pool.HikariPool - HikariPool-1 - Added connection com.mysql.cj.jdbc.ConnectionImpl@619fcac4
2026-07-02 15:31:14.048 [http-nio-8090-exec-1] INFO  com.zaxxer.hikari.HikariDataSource - HikariPool-1 - Start completed.
2026-07-02 15:31:14.249 [http-nio-8090-exec-1] INFO  c.F.c.e.EmployeePublicController - 登录成功: LoginReturn(id=2, username=dog, token=eyJhbGciOiJIUzI1NiJ9.eyJpZCI6MiwidXNlcm5hbWUiOiJkb2ciLCJleHAiOjE3ODI5ODEwNzR9.6pl0mWOwjD38iaE1ifWVd6q32xPuN6p6XJq0GKwjy7s, job=1)
2026-07-02 15:31:14.315 [http-nio-8090-exec-4] INFO  c.F.filter.EmployeePermissionFilter - 进入员工权限过滤器
2026-07-02 15:31:14.363 [http-nio-8090-exec-4] INFO  com.Fanggaozhiai.context.Context - 设置用户id: 2
2026-07-02 15:31:14.365 [http-nio-8090-exec-4] INFO  c.F.c.delivery.DeliveryEmpController - 获得空闲订单列表
2026-07-02 15:31:16.041 [http-nio-8090-exec-3] INFO  c.F.filter.EmployeePermissionFilter - 进入员工权限过滤器
2026-07-02 15:31:16.043 [http-nio-8090-exec-3] INFO  com.Fanggaozhiai.context.Context - 设置用户id: 2
2026-07-02 15:31:16.055 [http-nio-8090-exec-3] INFO  c.F.c.delivery.DeliveryEmpController - 接单id:14 备注：
2026-07-02 15:31:16.064 [http-nio-8090-exec-3] INFO  com.Fanggaozhiai.context.Context - 获取用户id: 2
2026-07-02 15:31:16.426 [http-nio-8090-exec-3] WARN  c.F.c.delivery.DeliveryEmpController - 接单失败: Unable to connect to Redis
2026-07-02 15:35:11.576 [SpringApplicationShutdownHook] INFO  com.zaxxer.hikari.HikariDataSource - HikariPool-1 - Shutdown initiated...
2026-07-02 15:35:11.580 [SpringApplicationShutdownHook] INFO  com.zaxxer.hikari.HikariDataSource - HikariPool-1 - Shutdown completed.
2026-07-02 15:35:11.582 [SpringApplicationShutdownHook] INFO  c.F.filter.UserPermissionFilter - 销毁用户权限过滤器
2026-07-02 15:35:11.582 [SpringApplicationShutdownHook] INFO  c.F.filter.EmployeePermissionFilter - 销毁员工权限过滤器
2026-07-02 15:36:13.213 [main] INFO  com.Fanggaozhiai.ShopApplication - Starting ShopApplication using Java 25 with PID 30504 (E:\vibe\community-shop\community-shop-server\target\classes started by 23561 in E:\vibe\community-shop)
2026-07-02 15:36:13.214 [main] INFO  com.Fanggaozhiai.ShopApplication - No active profile set, falling back to 1 default profile: "default"
2026-07-02 15:36:13.335 [background-preinit] INFO  o.h.validator.internal.util.Version - HV000001: Hibernate Validator 9.0.1.Final
2026-07-02 15:36:14.161 [main] INFO  o.a.coyote.http11.Http11NioProtocol - Initializing ProtocolHandler ["http-nio-8090"]
2026-07-02 15:36:14.163 [main] INFO  o.a.catalina.core.StandardService - Starting service [Tomcat]
2026-07-02 15:36:14.163 [main] INFO  o.a.catalina.core.StandardEngine - Starting Servlet engine: [Apache Tomcat/11.0.21]
2026-07-02 15:36:14.377 [main] INFO  c.F.filter.UserPermissionFilter - 初始化用户权限过滤器
2026-07-02 15:36:14.377 [main] INFO  c.F.filter.EmployeePermissionFilter - 初始化员工权限过滤器
2026-07-02 15:36:14.573 [main] INFO  com.Fanggaozhiai.config.RedisConfig - 创建redis模板对象
2026-07-02 15:36:14.736 [main] INFO  com.Fanggaozhiai.utils.JwtUtil - JwtUtil初始化完成, userSecret=已加载, expire=3600000
2026-07-02 15:36:15.024 [main] INFO  o.a.coyote.http11.Http11NioProtocol - Starting ProtocolHandler ["http-nio-8090"]
2026-07-02 15:36:15.049 [main] INFO  com.Fanggaozhiai.ShopApplication - Started ShopApplication in 2.141 seconds (process running for 2.696)
2026-07-02 15:36:18.546 [http-nio-8090-exec-1] INFO  o.a.c.c.C.[Tomcat].[localhost].[/] - Initializing Spring DispatcherServlet 'dispatcherServlet'
2026-07-02 15:36:18.550 [http-nio-8090-exec-1] INFO  c.F.filter.EmployeePermissionFilter - 进入员工权限过滤器
2026-07-02 15:36:18.758 [http-nio-8090-exec-1] INFO  com.zaxxer.hikari.HikariDataSource - HikariPool-1 - Starting...
2026-07-02 15:36:18.892 [http-nio-8090-exec-1] INFO  com.zaxxer.hikari.pool.HikariPool - HikariPool-1 - Added connection com.mysql.cj.jdbc.ConnectionImpl@1ef6e34d
2026-07-02 15:36:18.893 [http-nio-8090-exec-1] INFO  com.zaxxer.hikari.HikariDataSource - HikariPool-1 - Start completed.
2026-07-02 15:36:18.921 [http-nio-8090-exec-1] INFO  com.Fanggaozhiai.context.Context - 设置用户id: 2
2026-07-02 15:36:18.959 [http-nio-8090-exec-1] INFO  c.F.c.delivery.DeliveryEmpController - 接单id:14 备注：
2026-07-02 15:36:18.966 [http-nio-8090-exec-1] INFO  com.Fanggaozhiai.context.Context - 获取用户id: 2
2026-07-02 15:36:19.272 [http-nio-8090-exec-1] WARN  c.F.c.delivery.DeliveryEmpController - 接单失败: Unable to connect to Redis
2026-07-02 15:36:20.332 [http-nio-8090-exec-2] INFO  c.F.filter.EmployeePermissionFilter - 进入员工权限过滤器
2026-07-02 15:36:20.337 [http-nio-8090-exec-2] INFO  com.Fanggaozhiai.context.Context - 设置用户id: 2
2026-07-02 15:36:20.338 [http-nio-8090-exec-2] INFO  c.F.c.delivery.DeliveryEmpController - 接单id:14 备注：
2026-07-02 15:36:20.338 [http-nio-8090-exec-2] INFO  com.Fanggaozhiai.context.Context - 获取用户id: 2
2026-07-02 15:36:20.346 [http-nio-8090-exec-2] WARN  c.F.c.delivery.DeliveryEmpController - 接单失败: Unable to connect to Redis
2026-07-02 15:36:20.471 [http-nio-8090-exec-5] INFO  c.F.filter.EmployeePermissionFilter - 进入员工权限过滤器
2026-07-02 15:36:20.474 [http-nio-8090-exec-5] INFO  com.Fanggaozhiai.context.Context - 设置用户id: 2
2026-07-02 15:36:20.476 [http-nio-8090-exec-5] INFO  c.F.c.delivery.DeliveryEmpController - 接单id:14 备注：
2026-07-02 15:36:20.477 [http-nio-8090-exec-5] INFO  com.Fanggaozhiai.context.Context - 获取用户id: 2
2026-07-02 15:36:20.483 [http-nio-8090-exec-5] WARN  c.F.c.delivery.DeliveryEmpController - 接单失败: Unable to connect to Redis
2026-07-02 15:36:20.618 [http-nio-8090-exec-4] INFO  c.F.filter.EmployeePermissionFilter - 进入员工权限过滤器
2026-07-02 15:36:20.621 [http-nio-8090-exec-4] INFO  com.Fanggaozhiai.context.Context - 设置用户id: 2
2026-07-02 15:36:20.623 [http-nio-8090-exec-4] INFO  c.F.c.delivery.DeliveryEmpController - 接单id:14 备注：
2026-07-02 15:36:20.623 [http-nio-8090-exec-4] INFO  com.Fanggaozhiai.context.Context - 获取用户id: 2
2026-07-02 15:36:20.630 [http-nio-8090-exec-4] WARN  c.F.c.delivery.DeliveryEmpController - 接单失败: Unable to connect to Redis
2026-07-02 15:36:20.776 [http-nio-8090-exec-6] INFO  c.F.filter.EmployeePermissionFilter - 进入员工权限过滤器
2026-07-02 15:36:20.780 [http-nio-8090-exec-6] INFO  com.Fanggaozhiai.context.Context - 设置用户id: 2
2026-07-02 15:36:20.782 [http-nio-8090-exec-6] INFO  c.F.c.delivery.DeliveryEmpController - 接单id:14 备注：
2026-07-02 15:36:20.783 [http-nio-8090-exec-6] INFO  com.Fanggaozhiai.context.Context - 获取用户id: 2
2026-07-02 15:36:20.790 [http-nio-8090-exec-6] WARN  c.F.c.delivery.DeliveryEmpController - 接单失败: Unable to connect to Redis
2026-07-02 16:07:36.482 [SpringApplicationShutdownHook] INFO  com.zaxxer.hikari.HikariDataSource - HikariPool-1 - Shutdown initiated...
2026-07-02 16:07:36.483 [SpringApplicationShutdownHook] INFO  com.zaxxer.hikari.HikariDataSource - HikariPool-1 - Shutdown completed.
2026-07-02 16:07:36.484 [SpringApplicationShutdownHook] INFO  c.F.filter.UserPermissionFilter - 销毁用户权限过滤器
2026-07-02 16:07:36.484 [SpringApplicationShutdownHook] INFO  c.F.filter.EmployeePermissionFilter - 销毁员工权限过滤器
2026-07-02 16:54:18.740 [main] INFO  com.Fanggaozhiai.ShopApplication - Starting ShopApplication using Java 25 with PID 34696 (E:\vibe\community-shop\community-shop-server\target\classes started by 23561 in E:\vibe\community-shop)
2026-07-02 16:54:18.742 [main] INFO  com.Fanggaozhiai.ShopApplication - No active profile set, falling back to 1 default profile: "default"
2026-07-02 16:54:18.868 [background-preinit] INFO  o.h.validator.internal.util.Version - HV000001: Hibernate Validator 9.0.1.Final
2026-07-02 16:54:19.664 [main] INFO  o.a.coyote.http11.Http11NioProtocol - Initializing ProtocolHandler ["http-nio-8090"]
2026-07-02 16:54:19.666 [main] INFO  o.a.catalina.core.StandardService - Starting service [Tomcat]
2026-07-02 16:54:19.666 [main] INFO  o.a.catalina.core.StandardEngine - Starting Servlet engine: [Apache Tomcat/11.0.21]
2026-07-02 16:54:19.858 [main] INFO  c.F.filter.UserPermissionFilter - 初始化用户权限过滤器
2026-07-02 16:54:19.859 [main] INFO  c.F.filter.EmployeePermissionFilter - 初始化员工权限过滤器
2026-07-02 16:54:19.899 [main] INFO  com.Fanggaozhiai.config.RedisConfig - ========== 创建Redis连接工厂 ==========
2026-07-02 16:54:19.899 [main] INFO  com.Fanggaozhiai.config.RedisConfig - host: localhost
2026-07-02 16:54:19.899 [main] INFO  com.Fanggaozhiai.config.RedisConfig - port: 6379
2026-07-02 16:54:19.899 [main] INFO  com.Fanggaozhiai.config.RedisConfig - password: 已设置
2026-07-02 16:54:19.899 [main] INFO  com.Fanggaozhiai.config.RedisConfig - database: 0
2026-07-02 16:54:19.899 [main] INFO  com.Fanggaozhiai.config.RedisConfig - ======================================
2026-07-02 16:54:20.060 [main] INFO  com.Fanggaozhiai.config.RedisConfig - 创建redis模板对象
2026-07-02 16:54:20.214 [main] INFO  com.Fanggaozhiai.utils.JwtUtil - JwtUtil初始化完成, userSecret=已加载, expire=3600000
2026-07-02 16:54:20.483 [main] INFO  o.a.coyote.http11.Http11NioProtocol - Starting ProtocolHandler ["http-nio-8090"]
2026-07-02 16:54:20.510 [main] INFO  com.Fanggaozhiai.ShopApplication - Started ShopApplication in 2.075 seconds (process running for 2.679)
2026-07-02 16:54:31.841 [http-nio-8090-exec-1] INFO  o.a.c.c.C.[Tomcat].[localhost].[/] - Initializing Spring DispatcherServlet 'dispatcherServlet'
2026-07-02 16:54:31.949 [http-nio-8090-exec-2] INFO  c.F.c.e.EmployeePublicController - 员工登录: EmployeeLogin(username=dog, password=123456)
2026-07-02 16:54:31.965 [http-nio-8090-exec-2] INFO  com.zaxxer.hikari.HikariDataSource - HikariPool-1 - Starting...
2026-07-02 16:54:32.126 [http-nio-8090-exec-2] INFO  com.zaxxer.hikari.pool.HikariPool - HikariPool-1 - Added connection com.mysql.cj.jdbc.ConnectionImpl@1e3d03ea
2026-07-02 16:54:32.127 [http-nio-8090-exec-2] INFO  com.zaxxer.hikari.HikariDataSource - HikariPool-1 - Start completed.
2026-07-02 16:54:32.318 [http-nio-8090-exec-2] INFO  c.F.c.e.EmployeePublicController - 登录成功: LoginReturn(id=2, username=dog, token=eyJhbGciOiJIUzI1NiJ9.eyJpZCI6MiwidXNlcm5hbWUiOiJkb2ciLCJleHAiOjE3ODI5ODYwNzJ9._AvY2EhltEwIpY2DRs_Iux7epnlVDoAybfnWuDswusg, job=1)
2026-07-02 16:54:32.369 [http-nio-8090-exec-3] INFO  c.F.filter.EmployeePermissionFilter - 进入员工权限过滤器
2026-07-02 16:54:32.375 [http-nio-8090-exec-4] INFO  c.F.filter.EmployeePermissionFilter - 进入员工权限过滤器
2026-07-02 16:54:32.422 [http-nio-8090-exec-4] INFO  com.Fanggaozhiai.context.Context - 设置用户id: 2
2026-07-02 16:54:32.423 [http-nio-8090-exec-4] INFO  c.F.c.delivery.DeliveryEmpController - 获得空闲订单列表
2026-07-02 16:54:35.426 [http-nio-8090-exec-5] INFO  c.F.filter.EmployeePermissionFilter - 进入员工权限过滤器
2026-07-02 16:54:35.431 [http-nio-8090-exec-7] INFO  c.F.filter.EmployeePermissionFilter - 进入员工权限过滤器
2026-07-02 16:54:35.435 [http-nio-8090-exec-7] INFO  com.Fanggaozhiai.context.Context - 设置用户id: 2
2026-07-02 16:54:35.443 [http-nio-8090-exec-7] INFO  c.F.c.delivery.DeliveryEmpController - 接单id:14 备注：
2026-07-02 16:54:35.449 [http-nio-8090-exec-7] INFO  com.Fanggaozhiai.context.Context - 获取用户id: 2
2026-07-02 16:54:35.853 [http-nio-8090-exec-8] INFO  c.F.filter.EmployeePermissionFilter - 进入员工权限过滤器
2026-07-02 16:54:35.856 [http-nio-8090-exec-8] INFO  com.Fanggaozhiai.context.Context - 设置用户id: 2
2026-07-02 16:54:35.857 [http-nio-8090-exec-8] INFO  c.F.c.delivery.DeliveryEmpController - 获得空闲订单列表
2026-07-02 16:54:39.127 [http-nio-8090-exec-6] INFO  c.F.filter.EmployeePermissionFilter - 进入员工权限过滤器
2026-07-02 16:54:39.132 [http-nio-8090-exec-9] INFO  c.F.filter.EmployeePermissionFilter - 进入员工权限过滤器
2026-07-02 16:54:39.135 [http-nio-8090-exec-9] INFO  com.Fanggaozhiai.context.Context - 设置用户id: 2
2026-07-02 16:54:39.136 [http-nio-8090-exec-9] INFO  c.F.c.delivery.DeliveryEmpController - 获得我的订单
2026-07-02 16:54:39.136 [http-nio-8090-exec-9] INFO  com.Fanggaozhiai.context.Context - 获取用户id: 2
2026-07-02 16:55:29.344 [SpringApplicationShutdownHook] INFO  com.zaxxer.hikari.HikariDataSource - HikariPool-1 - Shutdown initiated...
2026-07-02 16:55:29.348 [SpringApplicationShutdownHook] INFO  com.zaxxer.hikari.HikariDataSource - HikariPool-1 - Shutdown completed.
2026-07-02 16:55:29.350 [SpringApplicationShutdownHook] INFO  c.F.filter.UserPermissionFilter - 销毁用户权限过滤器
2026-07-02 16:55:29.350 [SpringApplicationShutdownHook] INFO  c.F.filter.EmployeePermissionFilter - 销毁员工权限过滤器
